Analysis & Synthesis report for TopLevel
Tue Oct 18 18:05:31 2022
Quartus Prime Version 20.1.0 Build 711 06/05/2020 SJ Lite Edition


---------------------
; Table of Contents ;
---------------------
  1. Legal Notice
  2. Analysis & Synthesis Summary
  3. Analysis & Synthesis Settings
  4. Parallel Compilation
  5. Analysis & Synthesis Messages



----------------
; Legal Notice ;
----------------
Copyright (C) 2020  Intel Corporation. All rights reserved.
Your use of Intel Corporation's design tools, logic functions 
and other software and tools, and any partner logic 
functions, and any output files from any of the foregoing 
(including device programming or simulation files), and any 
associated documentation or information are expressly subject 
to the terms and conditions of the Intel Program License 
Subscription Agreement, the Intel Quartus Prime License Agreement,
the Intel FPGA IP License Agreement, or other applicable license
agreement, including, without limitation, that your use is for
the sole purpose of programming logic devices manufactured by
Intel and sold by Intel or its authorized distributors.  Please
refer to the applicable agreement for further details, at
https://fpgasoftware.intel.com/eula.



+---------------------------------------------------------------------------+
; Analysis & Synthesis Summary                                              ;
+-----------------------------+---------------------------------------------+
; Analysis & Synthesis Status ; Failed - Tue Oct 18 18:05:31 2022           ;
; Quartus Prime Version       ; 20.1.0 Build 711 06/05/2020 SJ Lite Edition ;
; Revision Name               ; TopLevel                                    ;
; Top-level Entity Name       ; TopLevel                                    ;
; Family                      ; Cyclone V                                   ;
; Logic utilization (in ALMs) ; N/A until Partition Merge                   ;
; Total registers             ; N/A until Partition Merge                   ;
; Total pins                  ; N/A until Partition Merge                   ;
; Total virtual pins          ; N/A until Partition Merge                   ;
; Total block memory bits     ; N/A until Partition Merge                   ;
; Total PLLs                  ; N/A until Partition Merge                   ;
; Total DLLs                  ; N/A until Partition Merge                   ;
+-----------------------------+---------------------------------------------+


+---------------------------------------------------------------------------------------------------------------------------+
; Analysis & Synthesis Settings                                                                                             ;
+---------------------------------------------------------------------------------+--------------------+--------------------+
; Option                                                                          ; Setting            ; Default Value      ;
+---------------------------------------------------------------------------------+--------------------+--------------------+
; Device                                                                          ; 5CEBA4F23C7        ;                    ;
; Top-level entity name                                                           ; TopLevel           ; TopLevel           ;
; Family name                                                                     ; Cyclone V          ; Cyclone V          ;
; VHDL Show LMF Mapping Messages                                                  ; Off                ;                    ;
; VHDL Version                                                                    ; VHDL_2008          ; VHDL_1993          ;
; Use smart compilation                                                           ; Off                ; Off                ;
; Enable parallel Assembler and Timing Analyzer during compilation                ; On                 ; On                 ;
; Enable compact report table                                                     ; Off                ; Off                ;
; Restructure Multiplexers                                                        ; Auto               ; Auto               ;
; MLAB Add Timing Constraints For Mixed-Port Feed-Through Mode Setting Don't Care ; Off                ; Off                ;
; Create Debugging Nodes for IP Cores                                             ; Off                ; Off                ;
; Preserve fewer node names                                                       ; On                 ; On                 ;
; Intel FPGA IP Evaluation Mode                                                   ; Enable             ; Enable             ;
; Verilog Version                                                                 ; Verilog_2001       ; Verilog_2001       ;
; State Machine Processing                                                        ; Auto               ; Auto               ;
; Safe State Machine                                                              ; Off                ; Off                ;
; Extract Verilog State Machines                                                  ; On                 ; On                 ;
; Extract VHDL State Machines                                                     ; On                 ; On                 ;
; Ignore Verilog initial constructs                                               ; Off                ; Off                ;
; Iteration limit for constant Verilog loops                                      ; 5000               ; 5000               ;
; Iteration limit for non-constant Verilog loops                                  ; 250                ; 250                ;
; Add Pass-Through Logic to Inferred RAMs                                         ; On                 ; On                 ;
; Infer RAMs from Raw Logic                                                       ; On                 ; On                 ;
; Parallel Synthesis                                                              ; On                 ; On                 ;
; DSP Block Balancing                                                             ; Auto               ; Auto               ;
; NOT Gate Push-Back                                                              ; On                 ; On                 ;
; Power-Up Don't Care                                                             ; On                 ; On                 ;
; Remove Redundant Logic Cells                                                    ; Off                ; Off                ;
; Remove Duplicate Registers                                                      ; On                 ; On                 ;
; Ignore CARRY Buffers                                                            ; Off                ; Off                ;
; Ignore CASCADE Buffers                                                          ; Off                ; Off                ;
; Ignore GLOBAL Buffers                                                           ; Off                ; Off                ;
; Ignore ROW GLOBAL Buffers                                                       ; Off                ; Off                ;
; Ignore LCELL Buffers                                                            ; Off                ; Off                ;
; Ignore SOFT Buffers                                                             ; On                 ; On                 ;
; Limit AHDL Integers to 32 Bits                                                  ; Off                ; Off                ;
; Optimization Technique                                                          ; Balanced           ; Balanced           ;
; Carry Chain Length                                                              ; 70                 ; 70                 ;
; Auto Carry Chains                                                               ; On                 ; On                 ;
; Auto Open-Drain Pins                                                            ; On                 ; On                 ;
; Perform WYSIWYG Primitive Resynthesis                                           ; Off                ; Off                ;
; Auto ROM Replacement                                                            ; On                 ; On                 ;
; Auto RAM Replacement                                                            ; On                 ; On                 ;
; Auto DSP Block Replacement                                                      ; On                 ; On                 ;
; Auto Shift Register Replacement                                                 ; Auto               ; Auto               ;
; Allow Shift Register Merging across Hierarchies                                 ; Auto               ; Auto               ;
; Auto Clock Enable Replacement                                                   ; On                 ; On                 ;
; Strict RAM Replacement                                                          ; Off                ; Off                ;
; Allow Synchronous Control Signals                                               ; On                 ; On                 ;
; Force Use of Synchronous Clear Signals                                          ; Off                ; Off                ;
; Auto Resource Sharing                                                           ; Off                ; Off                ;
; Allow Any RAM Size For Recognition                                              ; Off                ; Off                ;
; Allow Any ROM Size For Recognition                                              ; Off                ; Off                ;
; Allow Any Shift Register Size For Recognition                                   ; Off                ; Off                ;
; Use LogicLock Constraints during Resource Balancing                             ; On                 ; On                 ;
; Ignore translate_off and synthesis_off directives                               ; Off                ; Off                ;
; Timing-Driven Synthesis                                                         ; On                 ; On                 ;
; Report Parameter Settings                                                       ; On                 ; On                 ;
; Report Source Assignments                                                       ; On                 ; On                 ;
; Report Connectivity Checks                                                      ; On                 ; On                 ;
; Ignore Maximum Fan-Out Assignments                                              ; Off                ; Off                ;
; Synchronization Register Chain Length                                           ; 3                  ; 3                  ;
; Power Optimization During Synthesis                                             ; Normal compilation ; Normal compilation ;
; HDL message level                                                               ; Level2             ; Level2             ;
; Suppress Register Optimization Related Messages                                 ; Off                ; Off                ;
; Number of Removed Registers Reported in Synthesis Report                        ; 5000               ; 5000               ;
; Number of Swept Nodes Reported in Synthesis Report                              ; 5000               ; 5000               ;
; Number of Inverted Registers Reported in Synthesis Report                       ; 100                ; 100                ;
; Clock MUX Protection                                                            ; On                 ; On                 ;
; Auto Gated Clock Conversion                                                     ; Off                ; Off                ;
; Block Design Naming                                                             ; Auto               ; Auto               ;
; SDC constraint protection                                                       ; Off                ; Off                ;
; Synthesis Effort                                                                ; Auto               ; Auto               ;
; Shift Register Replacement - Allow Asynchronous Clear Signal                    ; On                 ; On                 ;
; Pre-Mapping Resynthesis Optimization                                            ; Off                ; Off                ;
; Analysis & Synthesis Message Level                                              ; Medium             ; Medium             ;
; Disable Register Merging Across Hierarchies                                     ; Auto               ; Auto               ;
; Resource Aware Inference For Block RAM                                          ; On                 ; On                 ;
; Automatic Parallel Synthesis                                                    ; On                 ; On                 ;
; Partial Reconfiguration Bitstream ID                                            ; Off                ; Off                ;
+---------------------------------------------------------------------------------+--------------------+--------------------+


+------------------------------------------+
; Parallel Compilation                     ;
+----------------------------+-------------+
; Processors                 ; Number      ;
+----------------------------+-------------+
; Number detected on machine ; 8           ;
; Maximum allowed            ; 4           ;
;                            ;             ;
; Average used               ; 1.00        ;
; Maximum used               ; 1           ;
;                            ;             ;
; Usage by Processor         ; % Time Used ;
;     Processor 1            ; 100.0%      ;
+----------------------------+-------------+


+-------------------------------+
; Analysis & Synthesis Messages ;
+-------------------------------+
Info: *******************************************************************
Info: Running Quartus Prime Analysis & Synthesis
    Info: Version 20.1.0 Build 711 06/05/2020 SJ Lite Edition
    Info: Processing started: Tue Oct 18 18:05:16 2022
Info: Command: quartus_map --read_settings_files=on --write_settings_files=off TopLevel -c TopLevel
Warning (18236): Number of processors has not been specified which may cause overloading on shared machines.  Set the global assignment NUM_PARALLEL_PROCESSORS in your QSF to an appropriate value for best performance.
Info (20030): Parallel compilation is enabled and will use 4 of the 4 processors detected
Info (12021): Found 2 design units, including 1 entities, in source file logicled.vhd
    Info (12022): Found design unit 1: LogicLed-logic File: C:/Users/User/Desktop/Insper/6_semestre/descomp/Aula8/DesignComputadores/Aula8e/LogicLed.vhd Line: 18
    Info (12023): Found entity 1: LogicLed File: C:/Users/User/Desktop/Insper/6_semestre/descomp/Aula8/DesignComputadores/Aula8e/LogicLed.vhd Line: 4
Info (12021): Found 2 design units, including 1 entities, in source file ulasomasub.vhd
    Info (12022): Found design unit 1: ULASomaSub-comportamento File: C:/Users/User/Desktop/Insper/6_semestre/descomp/Aula8/DesignComputadores/Aula8e/ULASomaSub.vhd Line: 15
    Info (12023): Found entity 1: ULASomaSub File: C:/Users/User/Desktop/Insper/6_semestre/descomp/Aula8/DesignComputadores/Aula8e/ULASomaSub.vhd Line: 5
Info (12021): Found 2 design units, including 1 entities, in source file somaconstante.vhd
    Info (12022): Found design unit 1: somaConstante-comportamento File: C:/Users/User/Desktop/Insper/6_semestre/descomp/Aula8/DesignComputadores/Aula8e/somaConstante.vhd Line: 18
    Info (12023): Found entity 1: somaConstante File: C:/Users/User/Desktop/Insper/6_semestre/descomp/Aula8/DesignComputadores/Aula8e/somaConstante.vhd Line: 5
Info (12021): Found 2 design units, including 1 entities, in source file registradorgenerico.vhd
    Info (12022): Found design unit 1: registradorGenerico-comportamento File: C:/Users/User/Desktop/Insper/6_semestre/descomp/Aula8/DesignComputadores/Aula8e/registradorGenerico.vhd Line: 15
    Info (12023): Found entity 1: registradorGenerico File: C:/Users/User/Desktop/Insper/6_semestre/descomp/Aula8/DesignComputadores/Aula8e/registradorGenerico.vhd Line: 4
Info (12021): Found 2 design units, including 1 entities, in source file processador.vhd
    Info (12022): Found design unit 1: Processador-arquitetura File: C:/Users/User/Desktop/Insper/6_semestre/descomp/Aula8/DesignComputadores/Aula8e/Processador.vhd Line: 31
    Info (12023): Found entity 1: Processador File: C:/Users/User/Desktop/Insper/6_semestre/descomp/Aula8/DesignComputadores/Aula8e/Processador.vhd Line: 4
Info (12021): Found 2 design units, including 1 entities, in source file muxgenerico4x1.vhd
    Info (12022): Found design unit 1: muxGenerico4x1-comportamento File: C:/Users/User/Desktop/Insper/6_semestre/descomp/Aula8/DesignComputadores/Aula8e/muxGenerico4x1.vhd Line: 14
    Info (12023): Found entity 1: muxGenerico4x1 File: C:/Users/User/Desktop/Insper/6_semestre/descomp/Aula8/DesignComputadores/Aula8e/muxGenerico4x1.vhd Line: 4
Info (12021): Found 2 design units, including 1 entities, in source file muxgenerico2x1.vhd
    Info (12022): Found design unit 1: muxGenerico2x1-comportamento File: C:/Users/User/Desktop/Insper/6_semestre/descomp/Aula8/DesignComputadores/Aula8e/muxGenerico2x1.vhd Line: 14
    Info (12023): Found entity 1: muxGenerico2x1 File: C:/Users/User/Desktop/Insper/6_semestre/descomp/Aula8/DesignComputadores/Aula8e/muxGenerico2x1.vhd Line: 4
Info (12021): Found 2 design units, including 1 entities, in source file memoriarom.vhd
    Info (12022): Found design unit 1: memoriaROM-assincrona File: C:/Users/User/Desktop/Insper/6_semestre/descomp/Aula8/DesignComputadores/Aula8e/memoriaROM.vhd Line: 18
    Info (12023): Found entity 1: memoriaROM File: C:/Users/User/Desktop/Insper/6_semestre/descomp/Aula8/DesignComputadores/Aula8e/memoriaROM.vhd Line: 5
Info (12021): Found 2 design units, including 1 entities, in source file memoriaram.vhd
    Info (12022): Found design unit 1: memoriaRAM-rtl File: C:/Users/User/Desktop/Insper/6_semestre/descomp/Aula8/DesignComputadores/Aula8e/memoriaRAM.vhd Line: 21
    Info (12023): Found entity 1: memoriaRAM File: C:/Users/User/Desktop/Insper/6_semestre/descomp/Aula8/DesignComputadores/Aula8e/memoriaRAM.vhd Line: 5
Info (12021): Found 2 design units, including 1 entities, in source file logicadesvio.vhd
    Info (12022): Found design unit 1: logicaDesvio-comportamento File: C:/Users/User/Desktop/Insper/6_semestre/descomp/Aula8/DesignComputadores/Aula8e/logicaDesvio.vhd Line: 13
    Info (12023): Found entity 1: logicaDesvio File: C:/Users/User/Desktop/Insper/6_semestre/descomp/Aula8/DesignComputadores/Aula8e/logicaDesvio.vhd Line: 4
Info (12021): Found 2 design units, including 1 entities, in source file flipflop.vhd
    Info (12022): Found design unit 1: flipflop-comportamento File: C:/Users/User/Desktop/Insper/6_semestre/descomp/Aula8/DesignComputadores/Aula8e/flipflop.vhd Line: 13
    Info (12023): Found entity 1: flipflop File: C:/Users/User/Desktop/Insper/6_semestre/descomp/Aula8/DesignComputadores/Aula8e/flipflop.vhd Line: 4
Info (12021): Found 3 design units, including 1 entities, in source file edgedetector.vhd
    Info (12022): Found design unit 1: edgeDetector-bordaSubida File: C:/Users/User/Desktop/Insper/6_semestre/descomp/Aula8/DesignComputadores/Aula8e/edgeDetector.vhd Line: 10
    Info (12022): Found design unit 2: edgeDetector-bordaDescida File: C:/Users/User/Desktop/Insper/6_semestre/descomp/Aula8/DesignComputadores/Aula8e/edgeDetector.vhd Line: 23
    Info (12023): Found entity 1: edgeDetector File: C:/Users/User/Desktop/Insper/6_semestre/descomp/Aula8/DesignComputadores/Aula8e/edgeDetector.vhd Line: 4
Info (12021): Found 2 design units, including 1 entities, in source file decoderinstru.vhd
    Info (12022): Found design unit 1: decoderInstru-comportamento File: C:/Users/User/Desktop/Insper/6_semestre/descomp/Aula8/DesignComputadores/Aula8e/decoderInstru.vhd Line: 10
    Info (12023): Found entity 1: decoderInstru File: C:/Users/User/Desktop/Insper/6_semestre/descomp/Aula8/DesignComputadores/Aula8e/decoderInstru.vhd Line: 4
Info (12021): Found 2 design units, including 1 entities, in source file toplevel.vhd
    Info (12022): Found design unit 1: TopLevel-comportamento File: C:/Users/User/Desktop/Insper/6_semestre/descomp/Aula8/DesignComputadores/Aula8e/TopLevel.vhd Line: 35
    Info (12023): Found entity 1: TopLevel File: C:/Users/User/Desktop/Insper/6_semestre/descomp/Aula8/DesignComputadores/Aula8e/TopLevel.vhd Line: 4
Info (12021): Found 2 design units, including 1 entities, in source file decoder3x8.vhd
    Info (12022): Found design unit 1: decoder3x8-decoder File: C:/Users/User/Desktop/Insper/6_semestre/descomp/Aula8/DesignComputadores/Aula8e/decoder3x8.vhd Line: 10
    Info (12023): Found entity 1: decoder3x8 File: C:/Users/User/Desktop/Insper/6_semestre/descomp/Aula8/DesignComputadores/Aula8e/decoder3x8.vhd Line: 4
Info (12021): Found 2 design units, including 1 entities, in source file logicsevenseg.vhd
    Info (12022): Found design unit 1: LogicSevenSeg-logic File: C:/Users/User/Desktop/Insper/6_semestre/descomp/Aula8/DesignComputadores/Aula8e/LogicSevenSeg.vhd Line: 23
    Info (12023): Found entity 1: LogicSevenSeg File: C:/Users/User/Desktop/Insper/6_semestre/descomp/Aula8/DesignComputadores/Aula8e/LogicSevenSeg.vhd Line: 4
Info (12021): Found 2 design units, including 1 entities, in source file conversorhex7seg.vhd
    Info (12022): Found design unit 1: conversorHex7Seg-comportamento File: C:/Users/User/Desktop/Insper/6_semestre/descomp/Aula8/DesignComputadores/Aula8e/conversorHex7Seg.vhd Line: 17
    Info (12023): Found entity 1: conversorHex7Seg File: C:/Users/User/Desktop/Insper/6_semestre/descomp/Aula8/DesignComputadores/Aula8e/conversorHex7Seg.vhd Line: 4
Info (12021): Found 2 design units, including 1 entities, in source file buffer_3_state_8portas.vhd
    Info (12022): Found design unit 1: buffer_3_state_8portas-comportamento File: C:/Users/User/Desktop/Insper/6_semestre/descomp/Aula8/DesignComputadores/Aula8e/buffer_3_state_8portas.vhd Line: 11
    Info (12023): Found entity 1: buffer_3_state_8portas File: C:/Users/User/Desktop/Insper/6_semestre/descomp/Aula8/DesignComputadores/Aula8e/buffer_3_state_8portas.vhd Line: 4
Info (12021): Found 2 design units, including 1 entities, in source file logickeyswitch.vhd
    Info (12022): Found design unit 1: LogicKeySwitch-logic File: C:/Users/User/Desktop/Insper/6_semestre/descomp/Aula8/DesignComputadores/Aula8e/LogicKeySwitch.vhd Line: 22
    Info (12023): Found entity 1: LogicKeySwitch File: C:/Users/User/Desktop/Insper/6_semestre/descomp/Aula8/DesignComputadores/Aula8e/LogicKeySwitch.vhd Line: 4
Info (12127): Elaborating entity "TopLevel" for the top level hierarchy
Info (12129): Elaborating entity "edgeDetector" using architecture "A:bordasubida" for hierarchy "edgeDetector:\gravar:detectorSub0" File: C:/Users/User/Desktop/Insper/6_semestre/descomp/Aula8/DesignComputadores/Aula8e/TopLevel.vhd Line: 59
Info (12128): Elaborating entity "Processador" for hierarchy "Processador:CPU" File: C:/Users/User/Desktop/Insper/6_semestre/descomp/Aula8/DesignComputadores/Aula8e/TopLevel.vhd Line: 66
Error (10290): VHDL Alias Declaration error at Processador.vhd(49): alias target name does not have the same number of elements as the alias subtype File: C:/Users/User/Desktop/Insper/6_semestre/descomp/Aula8/DesignComputadores/Aula8e/Processador.vhd Line: 49
Error (12152): Can't elaborate user hierarchy "Processador:CPU" File: C:/Users/User/Desktop/Insper/6_semestre/descomp/Aula8/DesignComputadores/Aula8e/TopLevel.vhd Line: 66
Error: Quartus Prime Analysis & Synthesis was unsuccessful. 2 errors, 1 warning
    Error: Peak virtual memory: 4839 megabytes
    Error: Processing ended: Tue Oct 18 18:05:31 2022
    Error: Elapsed time: 00:00:15
    Error: Total CPU time (on all processors): 00:00:34


