Analysis & Synthesis report for Ent1Aula3
Fri Sep 16 08:34:07 2022
Quartus Prime Version 20.1.0 Build 711 06/05/2020 SJ Lite Edition


---------------------
; Table of Contents ;
---------------------
  1. Legal Notice
  2. Analysis & Synthesis Summary
  3. Analysis & Synthesis Settings
  4. Parallel Compilation
  5. Analysis & Synthesis Source Files Read
  6. Analysis & Synthesis Resource Usage Summary
  7. Analysis & Synthesis Resource Utilization by Entity
  8. Registers Removed During Synthesis
  9. General Register Statistics
 10. Multiplexer Restructuring Statistics (Restructuring Performed)
 11. Parameter Settings for User Entity Instance: Top-level Entity: |Ent1Aula3
 12. Parameter Settings for User Entity Instance: muxGenerico2x1:MUX_item
 13. Parameter Settings for User Entity Instance: muxGenerico2x1:MUX_JMP
 14. Parameter Settings for User Entity Instance: registradorGenerico:REGA_item
 15. Parameter Settings for User Entity Instance: registradorGenerico:PC_item
 16. Parameter Settings for User Entity Instance: somaConstante:incrementaPC_item
 17. Parameter Settings for User Entity Instance: ULASomaSub:ULA_item
 18. Parameter Settings for User Entity Instance: memoriaROM:ROM_item
 19. Parameter Settings for User Entity Instance: memoriaRAM:RAM_item
 20. Port Connectivity Checks: "flipflop:FLAG_zero_item"
 21. Port Connectivity Checks: "registradorGenerico:PC_item"
 22. Port Connectivity Checks: "registradorGenerico:REGA_item"
 23. Post-Synthesis Netlist Statistics for Top Partition
 24. Elapsed Time Per Partition
 25. Analysis & Synthesis Messages



----------------
; Legal Notice ;
----------------
Copyright (C) 2020  Intel Corporation. All rights reserved.
Your use of Intel Corporation's design tools, logic functions 
and other software and tools, and any partner logic 
functions, and any output files from any of the foregoing 
(including device programming or simulation files), and any 
associated documentation or information are expressly subject 
to the terms and conditions of the Intel Program License 
Subscription Agreement, the Intel Quartus Prime License Agreement,
the Intel FPGA IP License Agreement, or other applicable license
agreement, including, without limitation, that your use is for
the sole purpose of programming logic devices manufactured by
Intel and sold by Intel or its authorized distributors.  Please
refer to the applicable agreement for further details, at
https://fpgasoftware.intel.com/eula.



+-------------------------------------------------------------------------------+
; Analysis & Synthesis Summary                                                  ;
+---------------------------------+---------------------------------------------+
; Analysis & Synthesis Status     ; Successful - Fri Sep 16 08:34:07 2022       ;
; Quartus Prime Version           ; 20.1.0 Build 711 06/05/2020 SJ Lite Edition ;
; Revision Name                   ; Ent1Aula3                                   ;
; Top-level Entity Name           ; Ent1Aula3                                   ;
; Family                          ; Cyclone V                                   ;
; Logic utilization (in ALMs)     ; N/A                                         ;
; Total registers                 ; 81                                          ;
; Total pins                      ; 30                                          ;
; Total virtual pins              ; 0                                           ;
; Total block memory bits         ; 0                                           ;
; Total DSP Blocks                ; 0                                           ;
; Total HSSI RX PCSs              ; 0                                           ;
; Total HSSI PMA RX Deserializers ; 0                                           ;
; Total HSSI TX PCSs              ; 0                                           ;
; Total HSSI PMA TX Serializers   ; 0                                           ;
; Total PLLs                      ; 0                                           ;
; Total DLLs                      ; 0                                           ;
+---------------------------------+---------------------------------------------+


+---------------------------------------------------------------------------------------------------------------------------+
; Analysis & Synthesis Settings                                                                                             ;
+---------------------------------------------------------------------------------+--------------------+--------------------+
; Option                                                                          ; Setting            ; Default Value      ;
+---------------------------------------------------------------------------------+--------------------+--------------------+
; Device                                                                          ; 5CEBA4F23C7        ;                    ;
; Top-level entity name                                                           ; Ent1Aula3          ; Ent1Aula3          ;
; Family name                                                                     ; Cyclone V          ; Cyclone V          ;
; Maximum processors allowed for parallel compilation                             ; All                ;                    ;
; VHDL Show LMF Mapping Messages                                                  ; Off                ;                    ;
; VHDL Version                                                                    ; VHDL_2008          ; VHDL_1993          ;
; Use smart compilation                                                           ; Off                ; Off                ;
; Enable parallel Assembler and Timing Analyzer during compilation                ; On                 ; On                 ;
; Enable compact report table                                                     ; Off                ; Off                ;
; Restructure Multiplexers                                                        ; Auto               ; Auto               ;
; MLAB Add Timing Constraints For Mixed-Port Feed-Through Mode Setting Don't Care ; Off                ; Off                ;
; Create Debugging Nodes for IP Cores                                             ; Off                ; Off                ;
; Preserve fewer node names                                                       ; On                 ; On                 ;
; Intel FPGA IP Evaluation Mode                                                   ; Enable             ; Enable             ;
; Verilog Version                                                                 ; Verilog_2001       ; Verilog_2001       ;
; State Machine Processing                                                        ; Auto               ; Auto               ;
; Safe State Machine                                                              ; Off                ; Off                ;
; Extract Verilog State Machines                                                  ; On                 ; On                 ;
; Extract VHDL State Machines                                                     ; On                 ; On                 ;
; Ignore Verilog initial constructs                                               ; Off                ; Off                ;
; Iteration limit for constant Verilog loops                                      ; 5000               ; 5000               ;
; Iteration limit for non-constant Verilog loops                                  ; 250                ; 250                ;
; Add Pass-Through Logic to Inferred RAMs                                         ; On                 ; On                 ;
; Infer RAMs from Raw Logic                                                       ; On                 ; On                 ;
; Parallel Synthesis                                                              ; On                 ; On                 ;
; DSP Block Balancing                                                             ; Auto               ; Auto               ;
; NOT Gate Push-Back                                                              ; On                 ; On                 ;
; Power-Up Don't Care                                                             ; On                 ; On                 ;
; Remove Redundant Logic Cells                                                    ; Off                ; Off                ;
; Remove Duplicate Registers                                                      ; On                 ; On                 ;
; Ignore CARRY Buffers                                                            ; Off                ; Off                ;
; Ignore CASCADE Buffers                                                          ; Off                ; Off                ;
; Ignore GLOBAL Buffers                                                           ; Off                ; Off                ;
; Ignore ROW GLOBAL Buffers                                                       ; Off                ; Off                ;
; Ignore LCELL Buffers                                                            ; Off                ; Off                ;
; Ignore SOFT Buffers                                                             ; On                 ; On                 ;
; Limit AHDL Integers to 32 Bits                                                  ; Off                ; Off                ;
; Optimization Technique                                                          ; Balanced           ; Balanced           ;
; Carry Chain Length                                                              ; 70                 ; 70                 ;
; Auto Carry Chains                                                               ; On                 ; On                 ;
; Auto Open-Drain Pins                                                            ; On                 ; On                 ;
; Perform WYSIWYG Primitive Resynthesis                                           ; Off                ; Off                ;
; Auto ROM Replacement                                                            ; On                 ; On                 ;
; Auto RAM Replacement                                                            ; On                 ; On                 ;
; Auto DSP Block Replacement                                                      ; On                 ; On                 ;
; Auto Shift Register Replacement                                                 ; Auto               ; Auto               ;
; Allow Shift Register Merging across Hierarchies                                 ; Auto               ; Auto               ;
; Auto Clock Enable Replacement                                                   ; On                 ; On                 ;
; Strict RAM Replacement                                                          ; Off                ; Off                ;
; Allow Synchronous Control Signals                                               ; On                 ; On                 ;
; Force Use of Synchronous Clear Signals                                          ; Off                ; Off                ;
; Auto Resource Sharing                                                           ; Off                ; Off                ;
; Allow Any RAM Size For Recognition                                              ; Off                ; Off                ;
; Allow Any ROM Size For Recognition                                              ; Off                ; Off                ;
; Allow Any Shift Register Size For Recognition                                   ; Off                ; Off                ;
; Use LogicLock Constraints during Resource Balancing                             ; On                 ; On                 ;
; Ignore translate_off and synthesis_off directives                               ; Off                ; Off                ;
; Timing-Driven Synthesis                                                         ; On                 ; On                 ;
; Report Parameter Settings                                                       ; On                 ; On                 ;
; Report Source Assignments                                                       ; On                 ; On                 ;
; Report Connectivity Checks                                                      ; On                 ; On                 ;
; Ignore Maximum Fan-Out Assignments                                              ; Off                ; Off                ;
; Synchronization Register Chain Length                                           ; 3                  ; 3                  ;
; Power Optimization During Synthesis                                             ; Normal compilation ; Normal compilation ;
; HDL message level                                                               ; Level2             ; Level2             ;
; Suppress Register Optimization Related Messages                                 ; Off                ; Off                ;
; Number of Removed Registers Reported in Synthesis Report                        ; 5000               ; 5000               ;
; Number of Swept Nodes Reported in Synthesis Report                              ; 5000               ; 5000               ;
; Number of Inverted Registers Reported in Synthesis Report                       ; 100                ; 100                ;
; Clock MUX Protection                                                            ; On                 ; On                 ;
; Auto Gated Clock Conversion                                                     ; Off                ; Off                ;
; Block Design Naming                                                             ; Auto               ; Auto               ;
; SDC constraint protection                                                       ; Off                ; Off                ;
; Synthesis Effort                                                                ; Auto               ; Auto               ;
; Shift Register Replacement - Allow Asynchronous Clear Signal                    ; On                 ; On                 ;
; Pre-Mapping Resynthesis Optimization                                            ; Off                ; Off                ;
; Analysis & Synthesis Message Level                                              ; Medium             ; Medium             ;
; Disable Register Merging Across Hierarchies                                     ; Auto               ; Auto               ;
; Resource Aware Inference For Block RAM                                          ; On                 ; On                 ;
; Automatic Parallel Synthesis                                                    ; On                 ; On                 ;
; Partial Reconfiguration Bitstream ID                                            ; Off                ; Off                ;
+---------------------------------------------------------------------------------+--------------------+--------------------+


+------------------------------------------+
; Parallel Compilation                     ;
+----------------------------+-------------+
; Processors                 ; Number      ;
+----------------------------+-------------+
; Number detected on machine ; 8           ;
; Maximum allowed            ; 4           ;
;                            ;             ;
; Average used               ; 1.00        ;
; Maximum used               ; 4           ;
;                            ;             ;
; Usage by Processor         ; % Time Used ;
;     Processor 1            ; 100.0%      ;
;     Processors 2-4         ;   0.0%      ;
+----------------------------+-------------+


+-----------------------------------------------------------------------------------------------------------------------------------------------------------------+
; Analysis & Synthesis Source Files Read                                                                                                                          ;
+----------------------------------+-----------------+-----------------+--------------------------------------------------------------------------------+---------+
; File Name with User-Entered Path ; Used in Netlist ; File Type       ; File Name with Absolute Path                                                   ; Library ;
+----------------------------------+-----------------+-----------------+--------------------------------------------------------------------------------+---------+
; decoderInstru.vhd                ; yes             ; User VHDL File  ; C:/Users/jeans/Desktop/Insper/6Semestre/DesComp/Aula5b/decoderInstru.vhd       ;         ;
; ULASomaSub.vhd                   ; yes             ; User VHDL File  ; C:/Users/jeans/Desktop/Insper/6Semestre/DesComp/Aula5b/ULASomaSub.vhd          ;         ;
; registradorGenerico.vhd          ; yes             ; User VHDL File  ; C:/Users/jeans/Desktop/Insper/6Semestre/DesComp/Aula5b/registradorGenerico.vhd ;         ;
; muxGenerico2x1.vhd               ; yes             ; User VHDL File  ; C:/Users/jeans/Desktop/Insper/6Semestre/DesComp/Aula5b/muxGenerico2x1.vhd      ;         ;
; Ent1Aula3.vhd                    ; yes             ; User VHDL File  ; C:/Users/jeans/Desktop/Insper/6Semestre/DesComp/Aula5b/Ent1Aula3.vhd           ;         ;
; somaConstante.vhd                ; yes             ; User VHDL File  ; C:/Users/jeans/Desktop/Insper/6Semestre/DesComp/Aula5b/somaConstante.vhd       ;         ;
; memoriaROM.vhd                   ; yes             ; User VHDL File  ; C:/Users/jeans/Desktop/Insper/6Semestre/DesComp/Aula5b/memoriaROM.vhd          ;         ;
; memoriaRAM.vhd                   ; yes             ; User VHDL File  ; C:/Users/jeans/Desktop/Insper/6Semestre/DesComp/Aula5b/memoriaRAM.vhd          ;         ;
; flipflop.vhd                     ; yes             ; User VHDL File  ; C:/Users/jeans/Desktop/Insper/6Semestre/DesComp/Aula5b/flipflop.vhd            ;         ;
; logicaDesvio.vhd                 ; yes             ; User VHDL File  ; C:/Users/jeans/Desktop/Insper/6Semestre/DesComp/Aula5b/logicaDesvio.vhd        ;         ;
+----------------------------------+-----------------+-----------------+--------------------------------------------------------------------------------+---------+


+------------------------------------------------------------+
; Analysis & Synthesis Resource Usage Summary                ;
+---------------------------------------------+--------------+
; Resource                                    ; Usage        ;
+---------------------------------------------+--------------+
; Estimate of Logic utilization (ALMs needed) ; 66           ;
;                                             ;              ;
; Combinational ALUT usage for logic          ; 100          ;
;     -- 7 input functions                    ; 0            ;
;     -- 6 input functions                    ; 15           ;
;     -- 5 input functions                    ; 10           ;
;     -- 4 input functions                    ; 52           ;
;     -- <=3 input functions                  ; 23           ;
;                                             ;              ;
; Dedicated logic registers                   ; 81           ;
;                                             ;              ;
; I/O pins                                    ; 30           ;
;                                             ;              ;
; Total DSP Blocks                            ; 0            ;
;                                             ;              ;
; Maximum fan-out node                        ; KEY[0]~input ;
; Maximum fan-out                             ; 81           ;
; Total fan-out                               ; 714          ;
; Average fan-out                             ; 2.96         ;
+---------------------------------------------+--------------+


+---------------------------------------------------------------------------------------------------------------------------------------------------------------------------------------------------------------------------------+
; Analysis & Synthesis Resource Utilization by Entity                                                                                                                                                                             ;
+--------------------------------------+---------------------+---------------------------+-------------------+------------+------+--------------+--------------------------------------------+---------------------+--------------+
; Compilation Hierarchy Node           ; Combinational ALUTs ; Dedicated Logic Registers ; Block Memory Bits ; DSP Blocks ; Pins ; Virtual Pins ; Full Hierarchy Name                        ; Entity Name         ; Library Name ;
+--------------------------------------+---------------------+---------------------------+-------------------+------------+------+--------------+--------------------------------------------+---------------------+--------------+
; |Ent1Aula3                           ; 100 (1)             ; 81 (0)                    ; 0                 ; 0          ; 30   ; 0            ; |Ent1Aula3                                 ; Ent1Aula3           ; work         ;
;    |ULASomaSub:ULA_item|             ; 18 (18)             ; 0 (0)                     ; 0                 ; 0          ; 0    ; 0            ; |Ent1Aula3|ULASomaSub:ULA_item             ; ULASomaSub          ; work         ;
;    |decoderInstru:DECODER_item|      ; 12 (12)             ; 0 (0)                     ; 0                 ; 0          ; 0    ; 0            ; |Ent1Aula3|decoderInstru:DECODER_item      ; decoderInstru       ; work         ;
;    |flipflop:FLAG_zero_item|         ; 5 (5)               ; 1 (1)                     ; 0                 ; 0          ; 0    ; 0            ; |Ent1Aula3|flipflop:FLAG_zero_item         ; flipflop            ; work         ;
;    |logicaDesvio:LogicaDesvio_item|  ; 1 (1)               ; 0 (0)                     ; 0                 ; 0          ; 0    ; 0            ; |Ent1Aula3|logicaDesvio:LogicaDesvio_item  ; logicaDesvio        ; work         ;
;    |memoriaRAM:RAM_item|             ; 41 (41)             ; 64 (64)                   ; 0                 ; 0          ; 0    ; 0            ; |Ent1Aula3|memoriaRAM:RAM_item             ; memoriaRAM          ; work         ;
;    |memoriaROM:ROM_item|             ; 8 (8)               ; 0 (0)                     ; 0                 ; 0          ; 0    ; 0            ; |Ent1Aula3|memoriaROM:ROM_item             ; memoriaROM          ; work         ;
;    |muxGenerico2x1:MUX_item|         ; 6 (6)               ; 0 (0)                     ; 0                 ; 0          ; 0    ; 0            ; |Ent1Aula3|muxGenerico2x1:MUX_item         ; muxGenerico2x1      ; work         ;
;    |registradorGenerico:PC_item|     ; 0 (0)               ; 8 (8)                     ; 0                 ; 0          ; 0    ; 0            ; |Ent1Aula3|registradorGenerico:PC_item     ; registradorGenerico ; work         ;
;    |registradorGenerico:REGA_item|   ; 0 (0)               ; 8 (8)                     ; 0                 ; 0          ; 0    ; 0            ; |Ent1Aula3|registradorGenerico:REGA_item   ; registradorGenerico ; work         ;
;    |somaConstante:incrementaPC_item| ; 8 (8)               ; 0 (0)                     ; 0                 ; 0          ; 0    ; 0            ; |Ent1Aula3|somaConstante:incrementaPC_item ; somaConstante       ; work         ;
+--------------------------------------+---------------------+---------------------------+-------------------+------------+------+--------------+--------------------------------------------+---------------------+--------------+
Note: For table entries with two numbers listed, the numbers in parentheses indicate the number of resources of the given type used by the specific entity alone. The numbers listed outside of parentheses indicate the total resources of the given type used by the specific entity and all of its sub-entities in the hierarchy.


+--------------------------------------------------------------------------------------+
; Registers Removed During Synthesis                                                   ;
+----------------------------------------+---------------------------------------------+
; Register name                          ; Reason for Removal                          ;
+----------------------------------------+---------------------------------------------+
; registradorGenerico:PC_item|DOUT[8]    ; Lost fanout                                 ;
; memoriaRAM:RAM_item|ram~65             ; Stuck at GND due to stuck port clock_enable ;
; memoriaRAM:RAM_item|ram~73             ; Stuck at GND due to stuck port clock_enable ;
; memoriaRAM:RAM_item|ram~33             ; Stuck at GND due to stuck port clock_enable ;
; memoriaRAM:RAM_item|ram~41             ; Stuck at GND due to stuck port clock_enable ;
; memoriaRAM:RAM_item|ram~129            ; Stuck at GND due to stuck port clock_enable ;
; memoriaRAM:RAM_item|ram~137            ; Stuck at GND due to stuck port clock_enable ;
; memoriaRAM:RAM_item|ram~97             ; Stuck at GND due to stuck port clock_enable ;
; memoriaRAM:RAM_item|ram~105            ; Stuck at GND due to stuck port clock_enable ;
; memoriaRAM:RAM_item|ram~66             ; Stuck at GND due to stuck port clock_enable ;
; memoriaRAM:RAM_item|ram~34             ; Stuck at GND due to stuck port clock_enable ;
; memoriaRAM:RAM_item|ram~130            ; Stuck at GND due to stuck port clock_enable ;
; memoriaRAM:RAM_item|ram~98             ; Stuck at GND due to stuck port clock_enable ;
; memoriaRAM:RAM_item|ram~74             ; Stuck at GND due to stuck port clock_enable ;
; memoriaRAM:RAM_item|ram~42             ; Stuck at GND due to stuck port clock_enable ;
; memoriaRAM:RAM_item|ram~138            ; Stuck at GND due to stuck port clock_enable ;
; memoriaRAM:RAM_item|ram~106            ; Stuck at GND due to stuck port clock_enable ;
; memoriaRAM:RAM_item|ram~67             ; Stuck at GND due to stuck port clock_enable ;
; memoriaRAM:RAM_item|ram~75             ; Stuck at GND due to stuck port clock_enable ;
; memoriaRAM:RAM_item|ram~35             ; Stuck at GND due to stuck port clock_enable ;
; memoriaRAM:RAM_item|ram~43             ; Stuck at GND due to stuck port clock_enable ;
; memoriaRAM:RAM_item|ram~131            ; Stuck at GND due to stuck port clock_enable ;
; memoriaRAM:RAM_item|ram~139            ; Stuck at GND due to stuck port clock_enable ;
; memoriaRAM:RAM_item|ram~99             ; Stuck at GND due to stuck port clock_enable ;
; memoriaRAM:RAM_item|ram~107            ; Stuck at GND due to stuck port clock_enable ;
; memoriaRAM:RAM_item|ram~68             ; Stuck at GND due to stuck port clock_enable ;
; memoriaRAM:RAM_item|ram~36             ; Stuck at GND due to stuck port clock_enable ;
; memoriaRAM:RAM_item|ram~132            ; Stuck at GND due to stuck port clock_enable ;
; memoriaRAM:RAM_item|ram~100            ; Stuck at GND due to stuck port clock_enable ;
; memoriaRAM:RAM_item|ram~76             ; Stuck at GND due to stuck port clock_enable ;
; memoriaRAM:RAM_item|ram~44             ; Stuck at GND due to stuck port clock_enable ;
; memoriaRAM:RAM_item|ram~140            ; Stuck at GND due to stuck port clock_enable ;
; memoriaRAM:RAM_item|ram~108            ; Stuck at GND due to stuck port clock_enable ;
; memoriaRAM:RAM_item|ram~69             ; Stuck at GND due to stuck port clock_enable ;
; memoriaRAM:RAM_item|ram~77             ; Stuck at GND due to stuck port clock_enable ;
; memoriaRAM:RAM_item|ram~37             ; Stuck at GND due to stuck port clock_enable ;
; memoriaRAM:RAM_item|ram~45             ; Stuck at GND due to stuck port clock_enable ;
; memoriaRAM:RAM_item|ram~133            ; Stuck at GND due to stuck port clock_enable ;
; memoriaRAM:RAM_item|ram~141            ; Stuck at GND due to stuck port clock_enable ;
; memoriaRAM:RAM_item|ram~101            ; Stuck at GND due to stuck port clock_enable ;
; memoriaRAM:RAM_item|ram~109            ; Stuck at GND due to stuck port clock_enable ;
; memoriaRAM:RAM_item|ram~70             ; Stuck at GND due to stuck port clock_enable ;
; memoriaRAM:RAM_item|ram~38             ; Stuck at GND due to stuck port clock_enable ;
; memoriaRAM:RAM_item|ram~134            ; Stuck at GND due to stuck port clock_enable ;
; memoriaRAM:RAM_item|ram~102            ; Stuck at GND due to stuck port clock_enable ;
; memoriaRAM:RAM_item|ram~78             ; Stuck at GND due to stuck port clock_enable ;
; memoriaRAM:RAM_item|ram~46             ; Stuck at GND due to stuck port clock_enable ;
; memoriaRAM:RAM_item|ram~142            ; Stuck at GND due to stuck port clock_enable ;
; memoriaRAM:RAM_item|ram~110            ; Stuck at GND due to stuck port clock_enable ;
; memoriaRAM:RAM_item|ram~71             ; Stuck at GND due to stuck port clock_enable ;
; memoriaRAM:RAM_item|ram~79             ; Stuck at GND due to stuck port clock_enable ;
; memoriaRAM:RAM_item|ram~39             ; Stuck at GND due to stuck port clock_enable ;
; memoriaRAM:RAM_item|ram~47             ; Stuck at GND due to stuck port clock_enable ;
; memoriaRAM:RAM_item|ram~135            ; Stuck at GND due to stuck port clock_enable ;
; memoriaRAM:RAM_item|ram~143            ; Stuck at GND due to stuck port clock_enable ;
; memoriaRAM:RAM_item|ram~103            ; Stuck at GND due to stuck port clock_enable ;
; memoriaRAM:RAM_item|ram~111            ; Stuck at GND due to stuck port clock_enable ;
; memoriaRAM:RAM_item|ram~72             ; Stuck at GND due to stuck port clock_enable ;
; memoriaRAM:RAM_item|ram~40             ; Stuck at GND due to stuck port clock_enable ;
; memoriaRAM:RAM_item|ram~136            ; Stuck at GND due to stuck port clock_enable ;
; memoriaRAM:RAM_item|ram~104            ; Stuck at GND due to stuck port clock_enable ;
; memoriaRAM:RAM_item|ram~80             ; Stuck at GND due to stuck port clock_enable ;
; memoriaRAM:RAM_item|ram~48             ; Stuck at GND due to stuck port clock_enable ;
; memoriaRAM:RAM_item|ram~144            ; Stuck at GND due to stuck port clock_enable ;
; memoriaRAM:RAM_item|ram~112            ; Stuck at GND due to stuck port clock_enable ;
; Total Number of Removed Registers = 65 ;                                             ;
+----------------------------------------+---------------------------------------------+


+------------------------------------------------------+
; General Register Statistics                          ;
+----------------------------------------------+-------+
; Statistic                                    ; Value ;
+----------------------------------------------+-------+
; Total registers                              ; 81    ;
; Number of registers using Synchronous Clear  ; 0     ;
; Number of registers using Synchronous Load   ; 8     ;
; Number of registers using Asynchronous Clear ; 0     ;
; Number of registers using Asynchronous Load  ; 0     ;
; Number of registers using Clock Enable       ; 72    ;
; Number of registers using Preset             ; 0     ;
+----------------------------------------------+-------+


+--------------------------------------------------------------------------------------------------------------------------------------------------------------+
; Multiplexer Restructuring Statistics (Restructuring Performed)                                                                                               ;
+--------------------+-----------+---------------+----------------------+------------------------+------------+------------------------------------------------+
; Multiplexer Inputs ; Bus Width ; Baseline Area ; Area if Restructured ; Saving if Restructured ; Registered ; Example Multiplexer Output                     ;
+--------------------+-----------+---------------+----------------------+------------------------+------------+------------------------------------------------+
; 3:1                ; 2 bits    ; 4 LEs         ; 4 LEs                ; 0 LEs                  ; No         ; |Ent1Aula3|decoderInstru:DECODER_item|saida[4] ;
; 5:1                ; 3 bits    ; 9 LEs         ; 9 LEs                ; 0 LEs                  ; No         ; |Ent1Aula3|decoderInstru:DECODER_item|saida[5] ;
+--------------------+-----------+---------------+----------------------+------------------------+------------+------------------------------------------------+


+---------------------------------------------------------------------------+
; Parameter Settings for User Entity Instance: Top-level Entity: |Ent1Aula3 ;
+------------------+-------+------------------------------------------------+
; Parameter Name   ; Value ; Type                                           ;
+------------------+-------+------------------------------------------------+
; larguraDados     ; 8     ; Signed Integer                                 ;
; larguraEnderecos ; 8     ; Signed Integer                                 ;
; simulacao        ; true  ; Enumerated                                     ;
+------------------+-------+------------------------------------------------+
Note: In order to hide this table in the UI and the text report file, please set the "Show Parameter Settings in Synthesis Report" option in "Analysis and Synthesis Settings -> More Settings" to "Off".


+----------------------------------------------------------------------+
; Parameter Settings for User Entity Instance: muxGenerico2x1:MUX_item ;
+----------------+-------+---------------------------------------------+
; Parameter Name ; Value ; Type                                        ;
+----------------+-------+---------------------------------------------+
; larguradados   ; 8     ; Signed Integer                              ;
+----------------+-------+---------------------------------------------+
Note: In order to hide this table in the UI and the text report file, please set the "Show Parameter Settings in Synthesis Report" option in "Analysis and Synthesis Settings -> More Settings" to "Off".


+---------------------------------------------------------------------+
; Parameter Settings for User Entity Instance: muxGenerico2x1:MUX_JMP ;
+----------------+-------+--------------------------------------------+
; Parameter Name ; Value ; Type                                       ;
+----------------+-------+--------------------------------------------+
; larguradados   ; 9     ; Signed Integer                             ;
+----------------+-------+--------------------------------------------+
Note: In order to hide this table in the UI and the text report file, please set the "Show Parameter Settings in Synthesis Report" option in "Analysis and Synthesis Settings -> More Settings" to "Off".


+----------------------------------------------------------------------------+
; Parameter Settings for User Entity Instance: registradorGenerico:REGA_item ;
+----------------+-------+---------------------------------------------------+
; Parameter Name ; Value ; Type                                              ;
+----------------+-------+---------------------------------------------------+
; larguradados   ; 8     ; Signed Integer                                    ;
+----------------+-------+---------------------------------------------------+
Note: In order to hide this table in the UI and the text report file, please set the "Show Parameter Settings in Synthesis Report" option in "Analysis and Synthesis Settings -> More Settings" to "Off".


+--------------------------------------------------------------------------+
; Parameter Settings for User Entity Instance: registradorGenerico:PC_item ;
+----------------+-------+-------------------------------------------------+
; Parameter Name ; Value ; Type                                            ;
+----------------+-------+-------------------------------------------------+
; larguradados   ; 9     ; Signed Integer                                  ;
+----------------+-------+-------------------------------------------------+
Note: In order to hide this table in the UI and the text report file, please set the "Show Parameter Settings in Synthesis Report" option in "Analysis and Synthesis Settings -> More Settings" to "Off".


+------------------------------------------------------------------------------+
; Parameter Settings for User Entity Instance: somaConstante:incrementaPC_item ;
+----------------+-------+-----------------------------------------------------+
; Parameter Name ; Value ; Type                                                ;
+----------------+-------+-----------------------------------------------------+
; larguradados   ; 9     ; Signed Integer                                      ;
; constante      ; 1     ; Signed Integer                                      ;
+----------------+-------+-----------------------------------------------------+
Note: In order to hide this table in the UI and the text report file, please set the "Show Parameter Settings in Synthesis Report" option in "Analysis and Synthesis Settings -> More Settings" to "Off".


+------------------------------------------------------------------+
; Parameter Settings for User Entity Instance: ULASomaSub:ULA_item ;
+----------------+-------+-----------------------------------------+
; Parameter Name ; Value ; Type                                    ;
+----------------+-------+-----------------------------------------+
; larguradados   ; 8     ; Signed Integer                          ;
+----------------+-------+-----------------------------------------+
Note: In order to hide this table in the UI and the text report file, please set the "Show Parameter Settings in Synthesis Report" option in "Analysis and Synthesis Settings -> More Settings" to "Off".


+------------------------------------------------------------------+
; Parameter Settings for User Entity Instance: memoriaROM:ROM_item ;
+----------------+-------+-----------------------------------------+
; Parameter Name ; Value ; Type                                    ;
+----------------+-------+-----------------------------------------+
; datawidth      ; 13    ; Signed Integer                          ;
; addrwidth      ; 4     ; Signed Integer                          ;
+----------------+-------+-----------------------------------------+
Note: In order to hide this table in the UI and the text report file, please set the "Show Parameter Settings in Synthesis Report" option in "Analysis and Synthesis Settings -> More Settings" to "Off".


+------------------------------------------------------------------+
; Parameter Settings for User Entity Instance: memoriaRAM:RAM_item ;
+----------------+-------+-----------------------------------------+
; Parameter Name ; Value ; Type                                    ;
+----------------+-------+-----------------------------------------+
; datawidth      ; 8     ; Signed Integer                          ;
; addrwidth      ; 8     ; Signed Integer                          ;
+----------------+-------+-----------------------------------------+
Note: In order to hide this table in the UI and the text report file, please set the "Show Parameter Settings in Synthesis Report" option in "Analysis and Synthesis Settings -> More Settings" to "Off".


+-----------------------------------------------------+
; Port Connectivity Checks: "flipflop:FLAG_zero_item" ;
+------+-------+----------+---------------------------+
; Port ; Type  ; Severity ; Details                   ;
+------+-------+----------+---------------------------+
; rst  ; Input ; Info     ; Stuck at GND              ;
+------+-------+----------+---------------------------+


+---------------------------------------------------------+
; Port Connectivity Checks: "registradorGenerico:PC_item" ;
+--------+-------+----------+-----------------------------+
; Port   ; Type  ; Severity ; Details                     ;
+--------+-------+----------+-----------------------------+
; enable ; Input ; Info     ; Stuck at VCC                ;
; rst    ; Input ; Info     ; Stuck at GND                ;
+--------+-------+----------+-----------------------------+


+-----------------------------------------------------------+
; Port Connectivity Checks: "registradorGenerico:REGA_item" ;
+------+-------+----------+---------------------------------+
; Port ; Type  ; Severity ; Details                         ;
+------+-------+----------+---------------------------------+
; rst  ; Input ; Info     ; Stuck at GND                    ;
+------+-------+----------+---------------------------------+


+-----------------------------------------------------+
; Post-Synthesis Netlist Statistics for Top Partition ;
+-----------------------+-----------------------------+
; Type                  ; Count                       ;
+-----------------------+-----------------------------+
; arriav_ff             ; 81                          ;
;     ENA               ; 72                          ;
;     SLD               ; 8                           ;
;     plain             ; 1                           ;
; arriav_lcell_comb     ; 101                         ;
;     arith             ; 17                          ;
;         1 data inputs ; 8                           ;
;         4 data inputs ; 1                           ;
;         5 data inputs ; 8                           ;
;     normal            ; 84                          ;
;         0 data inputs ; 1                           ;
;         1 data inputs ; 1                           ;
;         2 data inputs ; 4                           ;
;         3 data inputs ; 10                          ;
;         4 data inputs ; 51                          ;
;         5 data inputs ; 2                           ;
;         6 data inputs ; 15                          ;
; boundary_port         ; 30                          ;
;                       ;                             ;
; Max LUT depth         ; 7.70                        ;
; Average LUT depth     ; 5.45                        ;
+-----------------------+-----------------------------+


+-------------------------------+
; Elapsed Time Per Partition    ;
+----------------+--------------+
; Partition Name ; Elapsed Time ;
+----------------+--------------+
; Top            ; 00:00:00     ;
+----------------+--------------+


+-------------------------------+
; Analysis & Synthesis Messages ;
+-------------------------------+
Info: *******************************************************************
Info: Running Quartus Prime Analysis & Synthesis
    Info: Version 20.1.0 Build 711 06/05/2020 SJ Lite Edition
    Info: Processing started: Fri Sep 16 08:33:52 2022
Info: Command: quartus_map --read_settings_files=on --write_settings_files=off Ent1Aula3 -c Ent1Aula3
Info (20030): Parallel compilation is enabled and will use 4 of the 4 processors detected
Info (12021): Found 2 design units, including 1 entities, in source file decoderinstru.vhd
    Info (12022): Found design unit 1: decoderInstru-comportamento File: C:/Users/jeans/Desktop/Insper/6Semestre/DesComp/Aula5b/decoderInstru.vhd Line: 10
    Info (12023): Found entity 1: decoderInstru File: C:/Users/jeans/Desktop/Insper/6Semestre/DesComp/Aula5b/decoderInstru.vhd Line: 4
Info (12021): Found 2 design units, including 1 entities, in source file ulasomasub.vhd
    Info (12022): Found design unit 1: ULASomaSub-comportamento File: C:/Users/jeans/Desktop/Insper/6Semestre/DesComp/Aula5b/ULASomaSub.vhd Line: 15
    Info (12023): Found entity 1: ULASomaSub File: C:/Users/jeans/Desktop/Insper/6Semestre/DesComp/Aula5b/ULASomaSub.vhd Line: 5
Info (12021): Found 2 design units, including 1 entities, in source file registradorgenerico.vhd
    Info (12022): Found design unit 1: registradorGenerico-comportamento File: C:/Users/jeans/Desktop/Insper/6Semestre/DesComp/Aula5b/registradorGenerico.vhd Line: 15
    Info (12023): Found entity 1: registradorGenerico File: C:/Users/jeans/Desktop/Insper/6Semestre/DesComp/Aula5b/registradorGenerico.vhd Line: 4
Info (12021): Found 2 design units, including 1 entities, in source file muxgenerico2x1.vhd
    Info (12022): Found design unit 1: muxGenerico2x1-comportamento File: C:/Users/jeans/Desktop/Insper/6Semestre/DesComp/Aula5b/muxGenerico2x1.vhd Line: 14
    Info (12023): Found entity 1: muxGenerico2x1 File: C:/Users/jeans/Desktop/Insper/6Semestre/DesComp/Aula5b/muxGenerico2x1.vhd Line: 4
Info (12021): Found 2 design units, including 1 entities, in source file ent1aula3.vhd
    Info (12022): Found design unit 1: Ent1Aula3-arquitetura File: C:/Users/jeans/Desktop/Insper/6Semestre/DesComp/Aula5b/Ent1Aula3.vhd Line: 21
    Info (12023): Found entity 1: Ent1Aula3 File: C:/Users/jeans/Desktop/Insper/6Semestre/DesComp/Aula5b/Ent1Aula3.vhd Line: 4
Info (12021): Found 3 design units, including 1 entities, in source file edgedetector.vhd
    Info (12022): Found design unit 1: edgeDetector-bordaSubida File: C:/Users/jeans/Desktop/Insper/6Semestre/DesComp/Aula5b/edgeDetector.vhd Line: 10
    Info (12022): Found design unit 2: edgeDetector-bordaDescida File: C:/Users/jeans/Desktop/Insper/6Semestre/DesComp/Aula5b/edgeDetector.vhd Line: 23
    Info (12023): Found entity 1: edgeDetector File: C:/Users/jeans/Desktop/Insper/6Semestre/DesComp/Aula5b/edgeDetector.vhd Line: 4
Info (12021): Found 2 design units, including 1 entities, in source file somaconstante.vhd
    Info (12022): Found design unit 1: somaConstante-comportamento File: C:/Users/jeans/Desktop/Insper/6Semestre/DesComp/Aula5b/somaConstante.vhd Line: 18
    Info (12023): Found entity 1: somaConstante File: C:/Users/jeans/Desktop/Insper/6Semestre/DesComp/Aula5b/somaConstante.vhd Line: 5
Info (12021): Found 2 design units, including 1 entities, in source file memoriarom.vhd
    Info (12022): Found design unit 1: memoriaROM-assincrona File: C:/Users/jeans/Desktop/Insper/6Semestre/DesComp/Aula5b/memoriaROM.vhd Line: 18
    Info (12023): Found entity 1: memoriaROM File: C:/Users/jeans/Desktop/Insper/6Semestre/DesComp/Aula5b/memoriaROM.vhd Line: 5
Info (12021): Found 2 design units, including 1 entities, in source file memoriaram.vhd
    Info (12022): Found design unit 1: memoriaRAM-rtl File: C:/Users/jeans/Desktop/Insper/6Semestre/DesComp/Aula5b/memoriaRAM.vhd Line: 21
    Info (12023): Found entity 1: memoriaRAM File: C:/Users/jeans/Desktop/Insper/6Semestre/DesComp/Aula5b/memoriaRAM.vhd Line: 5
Info (12021): Found 2 design units, including 1 entities, in source file muxgenerico.vhd
    Info (12022): Found design unit 1: muxGenerico-Behavioral File: C:/Users/jeans/Desktop/Insper/6Semestre/DesComp/Aula5b/muxGenerico.vhd Line: 16
    Info (12023): Found entity 1: muxGenerico File: C:/Users/jeans/Desktop/Insper/6Semestre/DesComp/Aula5b/muxGenerico.vhd Line: 5
Info (12021): Found 2 design units, including 1 entities, in source file flipflop.vhd
    Info (12022): Found design unit 1: flipflop-comportamento File: C:/Users/jeans/Desktop/Insper/6Semestre/DesComp/Aula5b/flipflop.vhd Line: 13
    Info (12023): Found entity 1: flipflop File: C:/Users/jeans/Desktop/Insper/6Semestre/DesComp/Aula5b/flipflop.vhd Line: 4
Info (12021): Found 2 design units, including 1 entities, in source file logicadesvio.vhd
    Info (12022): Found design unit 1: logicaDesvio-comportamento File: C:/Users/jeans/Desktop/Insper/6Semestre/DesComp/Aula5b/logicaDesvio.vhd Line: 13
    Info (12023): Found entity 1: logicaDesvio File: C:/Users/jeans/Desktop/Insper/6Semestre/DesComp/Aula5b/logicaDesvio.vhd Line: 4
Info (12127): Elaborating entity "Ent1Aula3" for the top level hierarchy
Info (12128): Elaborating entity "muxGenerico2x1" for hierarchy "muxGenerico2x1:MUX_item" File: C:/Users/jeans/Desktop/Insper/6Semestre/DesComp/Aula5b/Ent1Aula3.vhd Line: 82
Info (12128): Elaborating entity "logicaDesvio" for hierarchy "logicaDesvio:LogicaDesvio_item" File: C:/Users/jeans/Desktop/Insper/6Semestre/DesComp/Aula5b/Ent1Aula3.vhd Line: 89
Info (12128): Elaborating entity "muxGenerico2x1" for hierarchy "muxGenerico2x1:MUX_JMP" File: C:/Users/jeans/Desktop/Insper/6Semestre/DesComp/Aula5b/Ent1Aula3.vhd Line: 97
Info (12128): Elaborating entity "decoderInstru" for hierarchy "decoderInstru:DECODER_item" File: C:/Users/jeans/Desktop/Insper/6Semestre/DesComp/Aula5b/Ent1Aula3.vhd Line: 103
Info (12128): Elaborating entity "registradorGenerico" for hierarchy "registradorGenerico:REGA_item" File: C:/Users/jeans/Desktop/Insper/6Semestre/DesComp/Aula5b/Ent1Aula3.vhd Line: 108
Info (12128): Elaborating entity "registradorGenerico" for hierarchy "registradorGenerico:PC_item" File: C:/Users/jeans/Desktop/Insper/6Semestre/DesComp/Aula5b/Ent1Aula3.vhd Line: 116
Info (12128): Elaborating entity "somaConstante" for hierarchy "somaConstante:incrementaPC_item" File: C:/Users/jeans/Desktop/Insper/6Semestre/DesComp/Aula5b/Ent1Aula3.vhd Line: 123
Info (12128): Elaborating entity "ULASomaSub" for hierarchy "ULASomaSub:ULA_item" File: C:/Users/jeans/Desktop/Insper/6Semestre/DesComp/Aula5b/Ent1Aula3.vhd Line: 129
Info (12128): Elaborating entity "memoriaROM" for hierarchy "memoriaROM:ROM_item" File: C:/Users/jeans/Desktop/Insper/6Semestre/DesComp/Aula5b/Ent1Aula3.vhd Line: 137
Info (12128): Elaborating entity "memoriaRAM" for hierarchy "memoriaRAM:RAM_item" File: C:/Users/jeans/Desktop/Insper/6Semestre/DesComp/Aula5b/Ent1Aula3.vhd Line: 142
Info (12128): Elaborating entity "flipflop" for hierarchy "flipflop:FLAG_zero_item" File: C:/Users/jeans/Desktop/Insper/6Semestre/DesComp/Aula5b/Ent1Aula3.vhd Line: 152
Info (276014): Found 2 instances of uninferred RAM logic
    Info (276007): RAM logic "memoriaRAM:RAM_item|ram" is uninferred due to asynchronous read logic File: C:/Users/jeans/Desktop/Insper/6Semestre/DesComp/Aula5b/memoriaRAM.vhd Line: 27
    Info (276004): RAM logic "memoriaROM:ROM_item|memROM" is uninferred due to inappropriate RAM size File: C:/Users/jeans/Desktop/Insper/6Semestre/DesComp/Aula5b/memoriaROM.vhd Line: 54
Warning (13046): Tri-state node(s) do not directly drive top-level pin(s)
    Warning (13049): Converted tri-state buffer "memoriaRAM:RAM_item|dado_out[0]" feeding internal logic into a wire File: C:/Users/jeans/Desktop/Insper/6Semestre/DesComp/Aula5b/memoriaRAM.vhd Line: 17
    Warning (13049): Converted tri-state buffer "memoriaRAM:RAM_item|dado_out[1]" feeding internal logic into a wire File: C:/Users/jeans/Desktop/Insper/6Semestre/DesComp/Aula5b/memoriaRAM.vhd Line: 17
    Warning (13049): Converted tri-state buffer "memoriaRAM:RAM_item|dado_out[2]" feeding internal logic into a wire File: C:/Users/jeans/Desktop/Insper/6Semestre/DesComp/Aula5b/memoriaRAM.vhd Line: 17
    Warning (13049): Converted tri-state buffer "memoriaRAM:RAM_item|dado_out[3]" feeding internal logic into a wire File: C:/Users/jeans/Desktop/Insper/6Semestre/DesComp/Aula5b/memoriaRAM.vhd Line: 17
    Warning (13049): Converted tri-state buffer "memoriaRAM:RAM_item|dado_out[4]" feeding internal logic into a wire File: C:/Users/jeans/Desktop/Insper/6Semestre/DesComp/Aula5b/memoriaRAM.vhd Line: 17
    Warning (13049): Converted tri-state buffer "memoriaRAM:RAM_item|dado_out[5]" feeding internal logic into a wire File: C:/Users/jeans/Desktop/Insper/6Semestre/DesComp/Aula5b/memoriaRAM.vhd Line: 17
    Warning (13049): Converted tri-state buffer "memoriaRAM:RAM_item|dado_out[6]" feeding internal logic into a wire File: C:/Users/jeans/Desktop/Insper/6Semestre/DesComp/Aula5b/memoriaRAM.vhd Line: 17
    Warning (13049): Converted tri-state buffer "memoriaRAM:RAM_item|dado_out[7]" feeding internal logic into a wire File: C:/Users/jeans/Desktop/Insper/6Semestre/DesComp/Aula5b/memoriaRAM.vhd Line: 17
Info (286030): Timing-Driven Synthesis is running
Info (17049): 1 registers lost all their fanouts during netlist optimizations.
Info (16010): Generating hard_block partition "hard_block:auto_generated_inst"
    Info (16011): Adding 0 node(s), including 0 DDIO, 0 PLL, 0 transceiver and 0 LCELL
Warning (21074): Design contains 4 input pin(s) that do not drive logic
    Warning (15610): No output dependent on input pin "CLOCK_50" File: C:/Users/jeans/Desktop/Insper/6Semestre/DesComp/Aula5b/Ent1Aula3.vhd Line: 11
    Warning (15610): No output dependent on input pin "KEY[1]" File: C:/Users/jeans/Desktop/Insper/6Semestre/DesComp/Aula5b/Ent1Aula3.vhd Line: 13
    Warning (15610): No output dependent on input pin "KEY[2]" File: C:/Users/jeans/Desktop/Insper/6Semestre/DesComp/Aula5b/Ent1Aula3.vhd Line: 13
    Warning (15610): No output dependent on input pin "KEY[3]" File: C:/Users/jeans/Desktop/Insper/6Semestre/DesComp/Aula5b/Ent1Aula3.vhd Line: 13
Info (21057): Implemented 196 device resources after synthesis - the final resource count might be different
    Info (21058): Implemented 5 input pins
    Info (21059): Implemented 25 output pins
    Info (21061): Implemented 166 logic cells
Info: Quartus Prime Analysis & Synthesis was successful. 0 errors, 14 warnings
    Info: Peak virtual memory: 4852 megabytes
    Info: Processing ended: Fri Sep 16 08:34:07 2022
    Info: Elapsed time: 00:00:15
    Info: Total CPU time (on all processors): 00:00:32


