Analysis & Synthesis report for TopLevel
Mon Oct 10 16:49:29 2022
Quartus Prime Version 20.1.0 Build 711 06/05/2020 SJ Lite Edition


---------------------
; Table of Contents ;
---------------------
  1. Legal Notice
  2. Analysis & Synthesis Summary
  3. Analysis & Synthesis Settings
  4. Parallel Compilation
  5. Analysis & Synthesis Source Files Read
  6. Analysis & Synthesis Resource Usage Summary
  7. Analysis & Synthesis Resource Utilization by Entity
  8. Registers Removed During Synthesis
  9. General Register Statistics
 10. Multiplexer Restructuring Statistics (Restructuring Performed)
 11. Parameter Settings for User Entity Instance: Top-level Entity: |TopLevel
 12. Parameter Settings for User Entity Instance: Processador:CPU
 13. Parameter Settings for User Entity Instance: Processador:CPU|muxGenerico2x1:MUX_item
 14. Parameter Settings for User Entity Instance: Processador:CPU|muxGenerico4x1:MUX_JMP
 15. Parameter Settings for User Entity Instance: Processador:CPU|registradorGenerico:REGA_item
 16. Parameter Settings for User Entity Instance: Processador:CPU|registradorGenerico:PC_item
 17. Parameter Settings for User Entity Instance: Processador:CPU|somaConstante:incrementaPC_item
 18. Parameter Settings for User Entity Instance: Processador:CPU|ULASomaSub:ULA_item
 19. Parameter Settings for User Entity Instance: Processador:CPU|registradorGenerico:END_RET_item
 20. Parameter Settings for User Entity Instance: memoriaROM:ROM
 21. Parameter Settings for User Entity Instance: memoriaRAM:RAM
 22. Parameter Settings for User Entity Instance: LogicLed:LogicLed_item|registradorGenerico:LEDR_item
 23. Parameter Settings for User Entity Instance: LogicSevenSeg:LogicSevenSeg_item|registradorGenerico:HEX0_item
 24. Parameter Settings for User Entity Instance: LogicSevenSeg:LogicSevenSeg_item|registradorGenerico:HEX1_item
 25. Parameter Settings for User Entity Instance: LogicSevenSeg:LogicSevenSeg_item|registradorGenerico:HEX2_item
 26. Parameter Settings for User Entity Instance: LogicSevenSeg:LogicSevenSeg_item|registradorGenerico:HEX3_item
 27. Parameter Settings for User Entity Instance: LogicSevenSeg:LogicSevenSeg_item|registradorGenerico:HEX4_item
 28. Parameter Settings for User Entity Instance: LogicSevenSeg:LogicSevenSeg_item|registradorGenerico:HEX5_item
 29. Port Connectivity Checks: "LogicSevenSeg:LogicSevenSeg_item|conversorHex7Seg:HEX5Conversor_item"
 30. Port Connectivity Checks: "LogicSevenSeg:LogicSevenSeg_item|registradorGenerico:HEX5_item"
 31. Port Connectivity Checks: "LogicSevenSeg:LogicSevenSeg_item|conversorHex7Seg:HEX4Conversor_item"
 32. Port Connectivity Checks: "LogicSevenSeg:LogicSevenSeg_item|registradorGenerico:HEX4_item"
 33. Port Connectivity Checks: "LogicSevenSeg:LogicSevenSeg_item|conversorHex7Seg:HEX3Conversor_item"
 34. Port Connectivity Checks: "LogicSevenSeg:LogicSevenSeg_item|registradorGenerico:HEX3_item"
 35. Port Connectivity Checks: "LogicSevenSeg:LogicSevenSeg_item|conversorHex7Seg:HEX2Conversor_item"
 36. Port Connectivity Checks: "LogicSevenSeg:LogicSevenSeg_item|registradorGenerico:HEX2_item"
 37. Port Connectivity Checks: "LogicSevenSeg:LogicSevenSeg_item|conversorHex7Seg:HEX1Conversor_item"
 38. Port Connectivity Checks: "LogicSevenSeg:LogicSevenSeg_item|registradorGenerico:HEX1_item"
 39. Port Connectivity Checks: "LogicSevenSeg:LogicSevenSeg_item|conversorHex7Seg:HEX0Conversor_item"
 40. Port Connectivity Checks: "LogicSevenSeg:LogicSevenSeg_item|registradorGenerico:HEX0_item"
 41. Port Connectivity Checks: "LogicSevenSeg:LogicSevenSeg_item|decoder3x8:DecoderEndereco_item"
 42. Port Connectivity Checks: "LogicSevenSeg:LogicSevenSeg_item|decoder3x8:DecoderBloco_item"
 43. Port Connectivity Checks: "LogicLed:LogicLed_item|registradorGenerico:LEDR_item"
 44. Port Connectivity Checks: "LogicLed:LogicLed_item|flipflop:LED_8_item"
 45. Port Connectivity Checks: "LogicLed:LogicLed_item|flipflop:LED_9_item"
 46. Port Connectivity Checks: "LogicLed:LogicLed_item|decoder3x8:DecoderEndereco_item"
 47. Port Connectivity Checks: "LogicLed:LogicLed_item|decoder3x8:DecoderBloco_item"
 48. Port Connectivity Checks: "Processador:CPU|registradorGenerico:END_RET_item"
 49. Port Connectivity Checks: "Processador:CPU|flipflop:FLAG_zero_item"
 50. Port Connectivity Checks: "Processador:CPU|registradorGenerico:PC_item"
 51. Port Connectivity Checks: "Processador:CPU|registradorGenerico:REGA_item"
 52. Port Connectivity Checks: "Processador:CPU|muxGenerico4x1:MUX_JMP"
 53. Post-Synthesis Netlist Statistics for Top Partition
 54. Elapsed Time Per Partition
 55. Analysis & Synthesis Messages



----------------
; Legal Notice ;
----------------
Copyright (C) 2020  Intel Corporation. All rights reserved.
Your use of Intel Corporation's design tools, logic functions 
and other software and tools, and any partner logic 
functions, and any output files from any of the foregoing 
(including device programming or simulation files), and any 
associated documentation or information are expressly subject 
to the terms and conditions of the Intel Program License 
Subscription Agreement, the Intel Quartus Prime License Agreement,
the Intel FPGA IP License Agreement, or other applicable license
agreement, including, without limitation, that your use is for
the sole purpose of programming logic devices manufactured by
Intel and sold by Intel or its authorized distributors.  Please
refer to the applicable agreement for further details, at
https://fpgasoftware.intel.com/eula.



+-------------------------------------------------------------------------------+
; Analysis & Synthesis Summary                                                  ;
+---------------------------------+---------------------------------------------+
; Analysis & Synthesis Status     ; Successful - Mon Oct 10 16:49:29 2022       ;
; Quartus Prime Version           ; 20.1.0 Build 711 06/05/2020 SJ Lite Edition ;
; Revision Name                   ; TopLevel                                    ;
; Top-level Entity Name           ; TopLevel                                    ;
; Family                          ; Cyclone V                                   ;
; Logic utilization (in ALMs)     ; N/A                                         ;
; Total registers                 ; 41                                          ;
; Total pins                      ; 96                                          ;
; Total virtual pins              ; 0                                           ;
; Total block memory bits         ; 0                                           ;
; Total DSP Blocks                ; 0                                           ;
; Total HSSI RX PCSs              ; 0                                           ;
; Total HSSI PMA RX Deserializers ; 0                                           ;
; Total HSSI TX PCSs              ; 0                                           ;
; Total HSSI PMA TX Serializers   ; 0                                           ;
; Total PLLs                      ; 0                                           ;
; Total DLLs                      ; 0                                           ;
+---------------------------------+---------------------------------------------+


+---------------------------------------------------------------------------------------------------------------------------+
; Analysis & Synthesis Settings                                                                                             ;
+---------------------------------------------------------------------------------+--------------------+--------------------+
; Option                                                                          ; Setting            ; Default Value      ;
+---------------------------------------------------------------------------------+--------------------+--------------------+
; Device                                                                          ; 5CEBA4F23C7        ;                    ;
; Top-level entity name                                                           ; TopLevel           ; TopLevel           ;
; Family name                                                                     ; Cyclone V          ; Cyclone V          ;
; VHDL Show LMF Mapping Messages                                                  ; Off                ;                    ;
; VHDL Version                                                                    ; VHDL_2008          ; VHDL_1993          ;
; Use smart compilation                                                           ; Off                ; Off                ;
; Enable parallel Assembler and Timing Analyzer during compilation                ; On                 ; On                 ;
; Enable compact report table                                                     ; Off                ; Off                ;
; Restructure Multiplexers                                                        ; Auto               ; Auto               ;
; MLAB Add Timing Constraints For Mixed-Port Feed-Through Mode Setting Don't Care ; Off                ; Off                ;
; Create Debugging Nodes for IP Cores                                             ; Off                ; Off                ;
; Preserve fewer node names                                                       ; On                 ; On                 ;
; Intel FPGA IP Evaluation Mode                                                   ; Enable             ; Enable             ;
; Verilog Version                                                                 ; Verilog_2001       ; Verilog_2001       ;
; State Machine Processing                                                        ; Auto               ; Auto               ;
; Safe State Machine                                                              ; Off                ; Off                ;
; Extract Verilog State Machines                                                  ; On                 ; On                 ;
; Extract VHDL State Machines                                                     ; On                 ; On                 ;
; Ignore Verilog initial constructs                                               ; Off                ; Off                ;
; Iteration limit for constant Verilog loops                                      ; 5000               ; 5000               ;
; Iteration limit for non-constant Verilog loops                                  ; 250                ; 250                ;
; Add Pass-Through Logic to Inferred RAMs                                         ; On                 ; On                 ;
; Infer RAMs from Raw Logic                                                       ; On                 ; On                 ;
; Parallel Synthesis                                                              ; On                 ; On                 ;
; DSP Block Balancing                                                             ; Auto               ; Auto               ;
; NOT Gate Push-Back                                                              ; On                 ; On                 ;
; Power-Up Don't Care                                                             ; On                 ; On                 ;
; Remove Redundant Logic Cells                                                    ; Off                ; Off                ;
; Remove Duplicate Registers                                                      ; On                 ; On                 ;
; Ignore CARRY Buffers                                                            ; Off                ; Off                ;
; Ignore CASCADE Buffers                                                          ; Off                ; Off                ;
; Ignore GLOBAL Buffers                                                           ; Off                ; Off                ;
; Ignore ROW GLOBAL Buffers                                                       ; Off                ; Off                ;
; Ignore LCELL Buffers                                                            ; Off                ; Off                ;
; Ignore SOFT Buffers                                                             ; On                 ; On                 ;
; Limit AHDL Integers to 32 Bits                                                  ; Off                ; Off                ;
; Optimization Technique                                                          ; Balanced           ; Balanced           ;
; Carry Chain Length                                                              ; 70                 ; 70                 ;
; Auto Carry Chains                                                               ; On                 ; On                 ;
; Auto Open-Drain Pins                                                            ; On                 ; On                 ;
; Perform WYSIWYG Primitive Resynthesis                                           ; Off                ; Off                ;
; Auto ROM Replacement                                                            ; On                 ; On                 ;
; Auto RAM Replacement                                                            ; On                 ; On                 ;
; Auto DSP Block Replacement                                                      ; On                 ; On                 ;
; Auto Shift Register Replacement                                                 ; Auto               ; Auto               ;
; Allow Shift Register Merging across Hierarchies                                 ; Auto               ; Auto               ;
; Auto Clock Enable Replacement                                                   ; On                 ; On                 ;
; Strict RAM Replacement                                                          ; Off                ; Off                ;
; Allow Synchronous Control Signals                                               ; On                 ; On                 ;
; Force Use of Synchronous Clear Signals                                          ; Off                ; Off                ;
; Auto Resource Sharing                                                           ; Off                ; Off                ;
; Allow Any RAM Size For Recognition                                              ; Off                ; Off                ;
; Allow Any ROM Size For Recognition                                              ; Off                ; Off                ;
; Allow Any Shift Register Size For Recognition                                   ; Off                ; Off                ;
; Use LogicLock Constraints during Resource Balancing                             ; On                 ; On                 ;
; Ignore translate_off and synthesis_off directives                               ; Off                ; Off                ;
; Timing-Driven Synthesis                                                         ; On                 ; On                 ;
; Report Parameter Settings                                                       ; On                 ; On                 ;
; Report Source Assignments                                                       ; On                 ; On                 ;
; Report Connectivity Checks                                                      ; On                 ; On                 ;
; Ignore Maximum Fan-Out Assignments                                              ; Off                ; Off                ;
; Synchronization Register Chain Length                                           ; 3                  ; 3                  ;
; Power Optimization During Synthesis                                             ; Normal compilation ; Normal compilation ;
; HDL message level                                                               ; Level2             ; Level2             ;
; Suppress Register Optimization Related Messages                                 ; Off                ; Off                ;
; Number of Removed Registers Reported in Synthesis Report                        ; 5000               ; 5000               ;
; Number of Swept Nodes Reported in Synthesis Report                              ; 5000               ; 5000               ;
; Number of Inverted Registers Reported in Synthesis Report                       ; 100                ; 100                ;
; Clock MUX Protection                                                            ; On                 ; On                 ;
; Auto Gated Clock Conversion                                                     ; Off                ; Off                ;
; Block Design Naming                                                             ; Auto               ; Auto               ;
; SDC constraint protection                                                       ; Off                ; Off                ;
; Synthesis Effort                                                                ; Auto               ; Auto               ;
; Shift Register Replacement - Allow Asynchronous Clear Signal                    ; On                 ; On                 ;
; Pre-Mapping Resynthesis Optimization                                            ; Off                ; Off                ;
; Analysis & Synthesis Message Level                                              ; Medium             ; Medium             ;
; Disable Register Merging Across Hierarchies                                     ; Auto               ; Auto               ;
; Resource Aware Inference For Block RAM                                          ; On                 ; On                 ;
; Automatic Parallel Synthesis                                                    ; On                 ; On                 ;
; Partial Reconfiguration Bitstream ID                                            ; Off                ; Off                ;
+---------------------------------------------------------------------------------+--------------------+--------------------+


+------------------------------------------+
; Parallel Compilation                     ;
+----------------------------+-------------+
; Processors                 ; Number      ;
+----------------------------+-------------+
; Number detected on machine ; 8           ;
; Maximum allowed            ; 4           ;
;                            ;             ;
; Average used               ; 1.00        ;
; Maximum used               ; 4           ;
;                            ;             ;
; Usage by Processor         ; % Time Used ;
;     Processor 1            ; 100.0%      ;
;     Processors 2-4         ;   0.0%      ;
+----------------------------+-------------+


+-----------------------------------------------------------------------------------------------------------------------------------------------------------------+
; Analysis & Synthesis Source Files Read                                                                                                                          ;
+----------------------------------+-----------------+-----------------+--------------------------------------------------------------------------------+---------+
; File Name with User-Entered Path ; Used in Netlist ; File Type       ; File Name with Absolute Path                                                   ; Library ;
+----------------------------------+-----------------+-----------------+--------------------------------------------------------------------------------+---------+
; LogicLed.vhd                     ; yes             ; User VHDL File  ; C:/Users/jeans/Desktop/Insper/6Semestre/DesComp/Aula8b/LogicLed.vhd            ;         ;
; ULASomaSub.vhd                   ; yes             ; User VHDL File  ; C:/Users/jeans/Desktop/Insper/6Semestre/DesComp/Aula8b/ULASomaSub.vhd          ;         ;
; somaConstante.vhd                ; yes             ; User VHDL File  ; C:/Users/jeans/Desktop/Insper/6Semestre/DesComp/Aula8b/somaConstante.vhd       ;         ;
; registradorGenerico.vhd          ; yes             ; User VHDL File  ; C:/Users/jeans/Desktop/Insper/6Semestre/DesComp/Aula8b/registradorGenerico.vhd ;         ;
; Processador.vhd                  ; yes             ; User VHDL File  ; C:/Users/jeans/Desktop/Insper/6Semestre/DesComp/Aula8b/Processador.vhd         ;         ;
; muxGenerico4x1.vhd               ; yes             ; User VHDL File  ; C:/Users/jeans/Desktop/Insper/6Semestre/DesComp/Aula8b/muxGenerico4x1.vhd      ;         ;
; muxGenerico2x1.vhd               ; yes             ; User VHDL File  ; C:/Users/jeans/Desktop/Insper/6Semestre/DesComp/Aula8b/muxGenerico2x1.vhd      ;         ;
; memoriaROM.vhd                   ; yes             ; User VHDL File  ; C:/Users/jeans/Desktop/Insper/6Semestre/DesComp/Aula8b/memoriaROM.vhd          ;         ;
; memoriaRAM.vhd                   ; yes             ; User VHDL File  ; C:/Users/jeans/Desktop/Insper/6Semestre/DesComp/Aula8b/memoriaRAM.vhd          ;         ;
; logicaDesvio.vhd                 ; yes             ; User VHDL File  ; C:/Users/jeans/Desktop/Insper/6Semestre/DesComp/Aula8b/logicaDesvio.vhd        ;         ;
; flipflop.vhd                     ; yes             ; User VHDL File  ; C:/Users/jeans/Desktop/Insper/6Semestre/DesComp/Aula8b/flipflop.vhd            ;         ;
; decoderInstru.vhd                ; yes             ; User VHDL File  ; C:/Users/jeans/Desktop/Insper/6Semestre/DesComp/Aula8b/decoderInstru.vhd       ;         ;
; TopLevel.vhd                     ; yes             ; User VHDL File  ; C:/Users/jeans/Desktop/Insper/6Semestre/DesComp/Aula8b/TopLevel.vhd            ;         ;
; decoder3x8.vhd                   ; yes             ; User VHDL File  ; C:/Users/jeans/Desktop/Insper/6Semestre/DesComp/Aula8b/decoder3x8.vhd          ;         ;
; LogicSevenSeg.vhd                ; yes             ; User VHDL File  ; C:/Users/jeans/Desktop/Insper/6Semestre/DesComp/Aula8b/LogicSevenSeg.vhd       ;         ;
; conversorHex7Seg.vhd             ; yes             ; User VHDL File  ; C:/Users/jeans/Desktop/Insper/6Semestre/DesComp/Aula8b/conversorHex7Seg.vhd    ;         ;
+----------------------------------+-----------------+-----------------+--------------------------------------------------------------------------------+---------+


+------------------------------------------------------------+
; Analysis & Synthesis Resource Usage Summary                ;
+---------------------------------------------+--------------+
; Resource                                    ; Usage        ;
+---------------------------------------------+--------------+
; Estimate of Logic utilization (ALMs needed) ; 46           ;
;                                             ;              ;
; Combinational ALUT usage for logic          ; 84           ;
;     -- 7 input functions                    ; 0            ;
;     -- 6 input functions                    ; 0            ;
;     -- 5 input functions                    ; 7            ;
;     -- 4 input functions                    ; 64           ;
;     -- <=3 input functions                  ; 13           ;
;                                             ;              ;
; Dedicated logic registers                   ; 41           ;
;                                             ;              ;
; I/O pins                                    ; 96           ;
;                                             ;              ;
; Total DSP Blocks                            ; 0            ;
;                                             ;              ;
; Maximum fan-out node                        ; KEY[0]~input ;
; Maximum fan-out                             ; 41           ;
; Total fan-out                               ; 638          ;
; Average fan-out                             ; 2.01         ;
+---------------------------------------------+--------------+


+----------------------------------------------------------------------------------------------------------------------------------------------------------------------------------------------------------------------------------------------------------------------------+
; Analysis & Synthesis Resource Utilization by Entity                                                                                                                                                                                                                        ;
+---------------------------------------------+---------------------+---------------------------+-------------------+------------+------+--------------+--------------------------------------------------------------------------------+---------------------+--------------+
; Compilation Hierarchy Node                  ; Combinational ALUTs ; Dedicated Logic Registers ; Block Memory Bits ; DSP Blocks ; Pins ; Virtual Pins ; Full Hierarchy Name                                                            ; Entity Name         ; Library Name ;
+---------------------------------------------+---------------------+---------------------------+-------------------+------------+------+--------------+--------------------------------------------------------------------------------+---------------------+--------------+
; |TopLevel                                   ; 84 (1)              ; 41 (0)                    ; 0                 ; 0          ; 96   ; 0            ; |TopLevel                                                                      ; TopLevel            ; work         ;
;    |LogicSevenSeg:LogicSevenSeg_item|       ; 48 (0)              ; 24 (0)                    ; 0                 ; 0          ; 0    ; 0            ; |TopLevel|LogicSevenSeg:LogicSevenSeg_item                                     ; LogicSevenSeg       ; work         ;
;       |conversorHex7Seg:HEX0Conversor_item| ; 7 (7)               ; 0 (0)                     ; 0                 ; 0          ; 0    ; 0            ; |TopLevel|LogicSevenSeg:LogicSevenSeg_item|conversorHex7Seg:HEX0Conversor_item ; conversorHex7Seg    ; work         ;
;       |conversorHex7Seg:HEX1Conversor_item| ; 7 (7)               ; 0 (0)                     ; 0                 ; 0          ; 0    ; 0            ; |TopLevel|LogicSevenSeg:LogicSevenSeg_item|conversorHex7Seg:HEX1Conversor_item ; conversorHex7Seg    ; work         ;
;       |conversorHex7Seg:HEX2Conversor_item| ; 7 (7)               ; 0 (0)                     ; 0                 ; 0          ; 0    ; 0            ; |TopLevel|LogicSevenSeg:LogicSevenSeg_item|conversorHex7Seg:HEX2Conversor_item ; conversorHex7Seg    ; work         ;
;       |conversorHex7Seg:HEX3Conversor_item| ; 7 (7)               ; 0 (0)                     ; 0                 ; 0          ; 0    ; 0            ; |TopLevel|LogicSevenSeg:LogicSevenSeg_item|conversorHex7Seg:HEX3Conversor_item ; conversorHex7Seg    ; work         ;
;       |conversorHex7Seg:HEX4Conversor_item| ; 7 (7)               ; 0 (0)                     ; 0                 ; 0          ; 0    ; 0            ; |TopLevel|LogicSevenSeg:LogicSevenSeg_item|conversorHex7Seg:HEX4Conversor_item ; conversorHex7Seg    ; work         ;
;       |conversorHex7Seg:HEX5Conversor_item| ; 7 (7)               ; 0 (0)                     ; 0                 ; 0          ; 0    ; 0            ; |TopLevel|LogicSevenSeg:LogicSevenSeg_item|conversorHex7Seg:HEX5Conversor_item ; conversorHex7Seg    ; work         ;
;       |decoder3x8:DecoderEndereco_item|     ; 6 (6)               ; 0 (0)                     ; 0                 ; 0          ; 0    ; 0            ; |TopLevel|LogicSevenSeg:LogicSevenSeg_item|decoder3x8:DecoderEndereco_item     ; decoder3x8          ; work         ;
;       |registradorGenerico:HEX0_item|       ; 0 (0)               ; 4 (4)                     ; 0                 ; 0          ; 0    ; 0            ; |TopLevel|LogicSevenSeg:LogicSevenSeg_item|registradorGenerico:HEX0_item       ; registradorGenerico ; work         ;
;       |registradorGenerico:HEX1_item|       ; 0 (0)               ; 4 (4)                     ; 0                 ; 0          ; 0    ; 0            ; |TopLevel|LogicSevenSeg:LogicSevenSeg_item|registradorGenerico:HEX1_item       ; registradorGenerico ; work         ;
;       |registradorGenerico:HEX2_item|       ; 0 (0)               ; 4 (4)                     ; 0                 ; 0          ; 0    ; 0            ; |TopLevel|LogicSevenSeg:LogicSevenSeg_item|registradorGenerico:HEX2_item       ; registradorGenerico ; work         ;
;       |registradorGenerico:HEX3_item|       ; 0 (0)               ; 4 (4)                     ; 0                 ; 0          ; 0    ; 0            ; |TopLevel|LogicSevenSeg:LogicSevenSeg_item|registradorGenerico:HEX3_item       ; registradorGenerico ; work         ;
;       |registradorGenerico:HEX4_item|       ; 0 (0)               ; 4 (4)                     ; 0                 ; 0          ; 0    ; 0            ; |TopLevel|LogicSevenSeg:LogicSevenSeg_item|registradorGenerico:HEX4_item       ; registradorGenerico ; work         ;
;       |registradorGenerico:HEX5_item|       ; 0 (0)               ; 4 (4)                     ; 0                 ; 0          ; 0    ; 0            ; |TopLevel|LogicSevenSeg:LogicSevenSeg_item|registradorGenerico:HEX5_item       ; registradorGenerico ; work         ;
;    |Processador:CPU|                        ; 27 (0)              ; 17 (0)                    ; 0                 ; 0          ; 0    ; 0            ; |TopLevel|Processador:CPU                                                      ; Processador         ; work         ;
;       |ULASomaSub:ULA_item|                 ; 9 (9)               ; 0 (0)                     ; 0                 ; 0          ; 0    ; 0            ; |TopLevel|Processador:CPU|ULASomaSub:ULA_item                                  ; ULASomaSub          ; work         ;
;       |decoderInstru:DECODER_item|          ; 9 (9)               ; 0 (0)                     ; 0                 ; 0          ; 0    ; 0            ; |TopLevel|Processador:CPU|decoderInstru:DECODER_item                           ; decoderInstru       ; work         ;
;       |registradorGenerico:PC_item|         ; 0 (0)               ; 9 (9)                     ; 0                 ; 0          ; 0    ; 0            ; |TopLevel|Processador:CPU|registradorGenerico:PC_item                          ; registradorGenerico ; work         ;
;       |registradorGenerico:REGA_item|       ; 0 (0)               ; 8 (8)                     ; 0                 ; 0          ; 0    ; 0            ; |TopLevel|Processador:CPU|registradorGenerico:REGA_item                        ; registradorGenerico ; work         ;
;       |somaConstante:incrementaPC_item|     ; 9 (9)               ; 0 (0)                     ; 0                 ; 0          ; 0    ; 0            ; |TopLevel|Processador:CPU|somaConstante:incrementaPC_item                      ; somaConstante       ; work         ;
;    |memoriaROM:ROM|                         ; 8 (8)               ; 0 (0)                     ; 0                 ; 0          ; 0    ; 0            ; |TopLevel|memoriaROM:ROM                                                       ; memoriaROM          ; work         ;
+---------------------------------------------+---------------------+---------------------------+-------------------+------------+------+--------------+--------------------------------------------------------------------------------+---------------------+--------------+
Note: For table entries with two numbers listed, the numbers in parentheses indicate the number of resources of the given type used by the specific entity alone. The numbers listed outside of parentheses indicate the total resources of the given type used by the specific entity and all of its sub-entities in the hierarchy.


+---------------------------------------------------------------------------------------------------------------+
; Registers Removed During Synthesis                                                                            ;
+-----------------------------------------------------------------+---------------------------------------------+
; Register name                                                   ; Reason for Removal                          ;
+-----------------------------------------------------------------+---------------------------------------------+
; LogicLed:LogicLed_item|registradorGenerico:LEDR_item|DOUT[0..7] ; Stuck at GND due to stuck port clock_enable ;
; LogicLed:LogicLed_item|flipflop:LED_8_item|DOUT                 ; Stuck at GND due to stuck port clock_enable ;
; LogicLed:LogicLed_item|flipflop:LED_9_item|DOUT                 ; Stuck at GND due to stuck port clock_enable ;
; Processador:CPU|registradorGenerico:END_RET_item|DOUT[0]        ; Stuck at GND due to stuck port clock_enable ;
; Processador:CPU|flipflop:FLAG_zero_item|DOUT                    ; Stuck at GND due to stuck port clock_enable ;
; Processador:CPU|registradorGenerico:END_RET_item|DOUT[1..8]     ; Stuck at GND due to stuck port clock_enable ;
; Total Number of Removed Registers = 20                          ;                                             ;
+-----------------------------------------------------------------+---------------------------------------------+


+------------------------------------------------------+
; General Register Statistics                          ;
+----------------------------------------------+-------+
; Statistic                                    ; Value ;
+----------------------------------------------+-------+
; Total registers                              ; 41    ;
; Number of registers using Synchronous Clear  ; 0     ;
; Number of registers using Synchronous Load   ; 17    ;
; Number of registers using Asynchronous Clear ; 0     ;
; Number of registers using Asynchronous Load  ; 0     ;
; Number of registers using Clock Enable       ; 32    ;
; Number of registers using Preset             ; 0     ;
+----------------------------------------------+-------+


+-----------------------------------------------------------------------------------------------------------------------------------------------------------------------------+
; Multiplexer Restructuring Statistics (Restructuring Performed)                                                                                                              ;
+--------------------+-----------+---------------+----------------------+------------------------+------------+---------------------------------------------------------------+
; Multiplexer Inputs ; Bus Width ; Baseline Area ; Area if Restructured ; Saving if Restructured ; Registered ; Example Multiplexer Output                                    ;
+--------------------+-----------+---------------+----------------------+------------------------+------------+---------------------------------------------------------------+
; 3:1                ; 2 bits    ; 4 LEs         ; 4 LEs                ; 0 LEs                  ; No         ; |TopLevel|Processador:CPU|decoderInstru:DECODER_item|saida[5] ;
; 4:1                ; 4 bits    ; 8 LEs         ; 8 LEs                ; 0 LEs                  ; No         ; |TopLevel|Processador:CPU|ULASomaSub:ULA_item|Add0            ;
; 4:1                ; 4 bits    ; 8 LEs         ; 8 LEs                ; 0 LEs                  ; No         ; |TopLevel|Processador:CPU|ULASomaSub:ULA_item|Add0            ;
+--------------------+-----------+---------------+----------------------+------------------------+------------+---------------------------------------------------------------+


+--------------------------------------------------------------------------+
; Parameter Settings for User Entity Instance: Top-level Entity: |TopLevel ;
+------------------+-------+-----------------------------------------------+
; Parameter Name   ; Value ; Type                                          ;
+------------------+-------+-----------------------------------------------+
; larguraDados     ; 8     ; Signed Integer                                ;
; larguraEnderecos ; 8     ; Signed Integer                                ;
; simulacao        ; true  ; Enumerated                                    ;
+------------------+-------+-----------------------------------------------+
Note: In order to hide this table in the UI and the text report file, please set the "Show Parameter Settings in Synthesis Report" option in "Analysis and Synthesis Settings -> More Settings" to "Off".


+--------------------------------------------------------------+
; Parameter Settings for User Entity Instance: Processador:CPU ;
+------------------+-------+-----------------------------------+
; Parameter Name   ; Value ; Type                              ;
+------------------+-------+-----------------------------------+
; larguradados     ; 8     ; Signed Integer                    ;
; larguraenderecos ; 8     ; Signed Integer                    ;
; simulacao        ; true  ; Enumerated                        ;
+------------------+-------+-----------------------------------+
Note: In order to hide this table in the UI and the text report file, please set the "Show Parameter Settings in Synthesis Report" option in "Analysis and Synthesis Settings -> More Settings" to "Off".


+--------------------------------------------------------------------------------------+
; Parameter Settings for User Entity Instance: Processador:CPU|muxGenerico2x1:MUX_item ;
+----------------+-------+-------------------------------------------------------------+
; Parameter Name ; Value ; Type                                                        ;
+----------------+-------+-------------------------------------------------------------+
; larguradados   ; 8     ; Signed Integer                                              ;
+----------------+-------+-------------------------------------------------------------+
Note: In order to hide this table in the UI and the text report file, please set the "Show Parameter Settings in Synthesis Report" option in "Analysis and Synthesis Settings -> More Settings" to "Off".


+-------------------------------------------------------------------------------------+
; Parameter Settings for User Entity Instance: Processador:CPU|muxGenerico4x1:MUX_JMP ;
+----------------+-------+------------------------------------------------------------+
; Parameter Name ; Value ; Type                                                       ;
+----------------+-------+------------------------------------------------------------+
; larguradados   ; 9     ; Signed Integer                                             ;
+----------------+-------+------------------------------------------------------------+
Note: In order to hide this table in the UI and the text report file, please set the "Show Parameter Settings in Synthesis Report" option in "Analysis and Synthesis Settings -> More Settings" to "Off".


+--------------------------------------------------------------------------------------------+
; Parameter Settings for User Entity Instance: Processador:CPU|registradorGenerico:REGA_item ;
+----------------+-------+-------------------------------------------------------------------+
; Parameter Name ; Value ; Type                                                              ;
+----------------+-------+-------------------------------------------------------------------+
; larguradados   ; 8     ; Signed Integer                                                    ;
+----------------+-------+-------------------------------------------------------------------+
Note: In order to hide this table in the UI and the text report file, please set the "Show Parameter Settings in Synthesis Report" option in "Analysis and Synthesis Settings -> More Settings" to "Off".


+------------------------------------------------------------------------------------------+
; Parameter Settings for User Entity Instance: Processador:CPU|registradorGenerico:PC_item ;
+----------------+-------+-----------------------------------------------------------------+
; Parameter Name ; Value ; Type                                                            ;
+----------------+-------+-----------------------------------------------------------------+
; larguradados   ; 9     ; Signed Integer                                                  ;
+----------------+-------+-----------------------------------------------------------------+
Note: In order to hide this table in the UI and the text report file, please set the "Show Parameter Settings in Synthesis Report" option in "Analysis and Synthesis Settings -> More Settings" to "Off".


+----------------------------------------------------------------------------------------------+
; Parameter Settings for User Entity Instance: Processador:CPU|somaConstante:incrementaPC_item ;
+----------------+-------+---------------------------------------------------------------------+
; Parameter Name ; Value ; Type                                                                ;
+----------------+-------+---------------------------------------------------------------------+
; larguradados   ; 9     ; Signed Integer                                                      ;
; constante      ; 1     ; Signed Integer                                                      ;
+----------------+-------+---------------------------------------------------------------------+
Note: In order to hide this table in the UI and the text report file, please set the "Show Parameter Settings in Synthesis Report" option in "Analysis and Synthesis Settings -> More Settings" to "Off".


+----------------------------------------------------------------------------------+
; Parameter Settings for User Entity Instance: Processador:CPU|ULASomaSub:ULA_item ;
+----------------+-------+---------------------------------------------------------+
; Parameter Name ; Value ; Type                                                    ;
+----------------+-------+---------------------------------------------------------+
; larguradados   ; 8     ; Signed Integer                                          ;
+----------------+-------+---------------------------------------------------------+
Note: In order to hide this table in the UI and the text report file, please set the "Show Parameter Settings in Synthesis Report" option in "Analysis and Synthesis Settings -> More Settings" to "Off".


+-----------------------------------------------------------------------------------------------+
; Parameter Settings for User Entity Instance: Processador:CPU|registradorGenerico:END_RET_item ;
+----------------+-------+----------------------------------------------------------------------+
; Parameter Name ; Value ; Type                                                                 ;
+----------------+-------+----------------------------------------------------------------------+
; larguradados   ; 9     ; Signed Integer                                                       ;
+----------------+-------+----------------------------------------------------------------------+
Note: In order to hide this table in the UI and the text report file, please set the "Show Parameter Settings in Synthesis Report" option in "Analysis and Synthesis Settings -> More Settings" to "Off".


+-------------------------------------------------------------+
; Parameter Settings for User Entity Instance: memoriaROM:ROM ;
+----------------+-------+------------------------------------+
; Parameter Name ; Value ; Type                               ;
+----------------+-------+------------------------------------+
; datawidth      ; 13    ; Signed Integer                     ;
; addrwidth      ; 4     ; Signed Integer                     ;
+----------------+-------+------------------------------------+
Note: In order to hide this table in the UI and the text report file, please set the "Show Parameter Settings in Synthesis Report" option in "Analysis and Synthesis Settings -> More Settings" to "Off".


+-------------------------------------------------------------+
; Parameter Settings for User Entity Instance: memoriaRAM:RAM ;
+----------------+-------+------------------------------------+
; Parameter Name ; Value ; Type                               ;
+----------------+-------+------------------------------------+
; datawidth      ; 8     ; Signed Integer                     ;
; addrwidth      ; 7     ; Signed Integer                     ;
+----------------+-------+------------------------------------+
Note: In order to hide this table in the UI and the text report file, please set the "Show Parameter Settings in Synthesis Report" option in "Analysis and Synthesis Settings -> More Settings" to "Off".


+---------------------------------------------------------------------------------------------------+
; Parameter Settings for User Entity Instance: LogicLed:LogicLed_item|registradorGenerico:LEDR_item ;
+----------------+-------+--------------------------------------------------------------------------+
; Parameter Name ; Value ; Type                                                                     ;
+----------------+-------+--------------------------------------------------------------------------+
; larguradados   ; 8     ; Signed Integer                                                           ;
+----------------+-------+--------------------------------------------------------------------------+
Note: In order to hide this table in the UI and the text report file, please set the "Show Parameter Settings in Synthesis Report" option in "Analysis and Synthesis Settings -> More Settings" to "Off".


+-------------------------------------------------------------------------------------------------------------+
; Parameter Settings for User Entity Instance: LogicSevenSeg:LogicSevenSeg_item|registradorGenerico:HEX0_item ;
+----------------+-------+------------------------------------------------------------------------------------+
; Parameter Name ; Value ; Type                                                                               ;
+----------------+-------+------------------------------------------------------------------------------------+
; larguradados   ; 4     ; Signed Integer                                                                     ;
+----------------+-------+------------------------------------------------------------------------------------+
Note: In order to hide this table in the UI and the text report file, please set the "Show Parameter Settings in Synthesis Report" option in "Analysis and Synthesis Settings -> More Settings" to "Off".


+-------------------------------------------------------------------------------------------------------------+
; Parameter Settings for User Entity Instance: LogicSevenSeg:LogicSevenSeg_item|registradorGenerico:HEX1_item ;
+----------------+-------+------------------------------------------------------------------------------------+
; Parameter Name ; Value ; Type                                                                               ;
+----------------+-------+------------------------------------------------------------------------------------+
; larguradados   ; 4     ; Signed Integer                                                                     ;
+----------------+-------+------------------------------------------------------------------------------------+
Note: In order to hide this table in the UI and the text report file, please set the "Show Parameter Settings in Synthesis Report" option in "Analysis and Synthesis Settings -> More Settings" to "Off".


+-------------------------------------------------------------------------------------------------------------+
; Parameter Settings for User Entity Instance: LogicSevenSeg:LogicSevenSeg_item|registradorGenerico:HEX2_item ;
+----------------+-------+------------------------------------------------------------------------------------+
; Parameter Name ; Value ; Type                                                                               ;
+----------------+-------+------------------------------------------------------------------------------------+
; larguradados   ; 4     ; Signed Integer                                                                     ;
+----------------+-------+------------------------------------------------------------------------------------+
Note: In order to hide this table in the UI and the text report file, please set the "Show Parameter Settings in Synthesis Report" option in "Analysis and Synthesis Settings -> More Settings" to "Off".


+-------------------------------------------------------------------------------------------------------------+
; Parameter Settings for User Entity Instance: LogicSevenSeg:LogicSevenSeg_item|registradorGenerico:HEX3_item ;
+----------------+-------+------------------------------------------------------------------------------------+
; Parameter Name ; Value ; Type                                                                               ;
+----------------+-------+------------------------------------------------------------------------------------+
; larguradados   ; 4     ; Signed Integer                                                                     ;
+----------------+-------+------------------------------------------------------------------------------------+
Note: In order to hide this table in the UI and the text report file, please set the "Show Parameter Settings in Synthesis Report" option in "Analysis and Synthesis Settings -> More Settings" to "Off".


+-------------------------------------------------------------------------------------------------------------+
; Parameter Settings for User Entity Instance: LogicSevenSeg:LogicSevenSeg_item|registradorGenerico:HEX4_item ;
+----------------+-------+------------------------------------------------------------------------------------+
; Parameter Name ; Value ; Type                                                                               ;
+----------------+-------+------------------------------------------------------------------------------------+
; larguradados   ; 4     ; Signed Integer                                                                     ;
+----------------+-------+------------------------------------------------------------------------------------+
Note: In order to hide this table in the UI and the text report file, please set the "Show Parameter Settings in Synthesis Report" option in "Analysis and Synthesis Settings -> More Settings" to "Off".


+-------------------------------------------------------------------------------------------------------------+
; Parameter Settings for User Entity Instance: LogicSevenSeg:LogicSevenSeg_item|registradorGenerico:HEX5_item ;
+----------------+-------+------------------------------------------------------------------------------------+
; Parameter Name ; Value ; Type                                                                               ;
+----------------+-------+------------------------------------------------------------------------------------+
; larguradados   ; 4     ; Signed Integer                                                                     ;
+----------------+-------+------------------------------------------------------------------------------------+
Note: In order to hide this table in the UI and the text report file, please set the "Show Parameter Settings in Synthesis Report" option in "Analysis and Synthesis Settings -> More Settings" to "Off".


+--------------------------------------------------------------------------------------------------+
; Port Connectivity Checks: "LogicSevenSeg:LogicSevenSeg_item|conversorHex7Seg:HEX5Conversor_item" ;
+----------+-------+----------+--------------------------------------------------------------------+
; Port     ; Type  ; Severity ; Details                                                            ;
+----------+-------+----------+--------------------------------------------------------------------+
; apaga    ; Input ; Info     ; Stuck at GND                                                       ;
; negativo ; Input ; Info     ; Stuck at GND                                                       ;
; overflow ; Input ; Info     ; Stuck at GND                                                       ;
+----------+-------+----------+--------------------------------------------------------------------+


+--------------------------------------------------------------------------------------------+
; Port Connectivity Checks: "LogicSevenSeg:LogicSevenSeg_item|registradorGenerico:HEX5_item" ;
+------+-------+----------+------------------------------------------------------------------+
; Port ; Type  ; Severity ; Details                                                          ;
+------+-------+----------+------------------------------------------------------------------+
; rst  ; Input ; Info     ; Stuck at GND                                                     ;
+------+-------+----------+------------------------------------------------------------------+


+--------------------------------------------------------------------------------------------------+
; Port Connectivity Checks: "LogicSevenSeg:LogicSevenSeg_item|conversorHex7Seg:HEX4Conversor_item" ;
+----------+-------+----------+--------------------------------------------------------------------+
; Port     ; Type  ; Severity ; Details                                                            ;
+----------+-------+----------+--------------------------------------------------------------------+
; apaga    ; Input ; Info     ; Stuck at GND                                                       ;
; negativo ; Input ; Info     ; Stuck at GND                                                       ;
; overflow ; Input ; Info     ; Stuck at GND                                                       ;
+----------+-------+----------+--------------------------------------------------------------------+


+--------------------------------------------------------------------------------------------+
; Port Connectivity Checks: "LogicSevenSeg:LogicSevenSeg_item|registradorGenerico:HEX4_item" ;
+------+-------+----------+------------------------------------------------------------------+
; Port ; Type  ; Severity ; Details                                                          ;
+------+-------+----------+------------------------------------------------------------------+
; rst  ; Input ; Info     ; Stuck at GND                                                     ;
+------+-------+----------+------------------------------------------------------------------+


+--------------------------------------------------------------------------------------------------+
; Port Connectivity Checks: "LogicSevenSeg:LogicSevenSeg_item|conversorHex7Seg:HEX3Conversor_item" ;
+----------+-------+----------+--------------------------------------------------------------------+
; Port     ; Type  ; Severity ; Details                                                            ;
+----------+-------+----------+--------------------------------------------------------------------+
; apaga    ; Input ; Info     ; Stuck at GND                                                       ;
; negativo ; Input ; Info     ; Stuck at GND                                                       ;
; overflow ; Input ; Info     ; Stuck at GND                                                       ;
+----------+-------+----------+--------------------------------------------------------------------+


+--------------------------------------------------------------------------------------------+
; Port Connectivity Checks: "LogicSevenSeg:LogicSevenSeg_item|registradorGenerico:HEX3_item" ;
+------+-------+----------+------------------------------------------------------------------+
; Port ; Type  ; Severity ; Details                                                          ;
+------+-------+----------+------------------------------------------------------------------+
; rst  ; Input ; Info     ; Stuck at GND                                                     ;
+------+-------+----------+------------------------------------------------------------------+


+--------------------------------------------------------------------------------------------------+
; Port Connectivity Checks: "LogicSevenSeg:LogicSevenSeg_item|conversorHex7Seg:HEX2Conversor_item" ;
+----------+-------+----------+--------------------------------------------------------------------+
; Port     ; Type  ; Severity ; Details                                                            ;
+----------+-------+----------+--------------------------------------------------------------------+
; apaga    ; Input ; Info     ; Stuck at GND                                                       ;
; negativo ; Input ; Info     ; Stuck at GND                                                       ;
; overflow ; Input ; Info     ; Stuck at GND                                                       ;
+----------+-------+----------+--------------------------------------------------------------------+


+--------------------------------------------------------------------------------------------+
; Port Connectivity Checks: "LogicSevenSeg:LogicSevenSeg_item|registradorGenerico:HEX2_item" ;
+------+-------+----------+------------------------------------------------------------------+
; Port ; Type  ; Severity ; Details                                                          ;
+------+-------+----------+------------------------------------------------------------------+
; rst  ; Input ; Info     ; Stuck at GND                                                     ;
+------+-------+----------+------------------------------------------------------------------+


+--------------------------------------------------------------------------------------------------+
; Port Connectivity Checks: "LogicSevenSeg:LogicSevenSeg_item|conversorHex7Seg:HEX1Conversor_item" ;
+----------+-------+----------+--------------------------------------------------------------------+
; Port     ; Type  ; Severity ; Details                                                            ;
+----------+-------+----------+--------------------------------------------------------------------+
; apaga    ; Input ; Info     ; Stuck at GND                                                       ;
; negativo ; Input ; Info     ; Stuck at GND                                                       ;
; overflow ; Input ; Info     ; Stuck at GND                                                       ;
+----------+-------+----------+--------------------------------------------------------------------+


+--------------------------------------------------------------------------------------------+
; Port Connectivity Checks: "LogicSevenSeg:LogicSevenSeg_item|registradorGenerico:HEX1_item" ;
+------+-------+----------+------------------------------------------------------------------+
; Port ; Type  ; Severity ; Details                                                          ;
+------+-------+----------+------------------------------------------------------------------+
; rst  ; Input ; Info     ; Stuck at GND                                                     ;
+------+-------+----------+------------------------------------------------------------------+


+--------------------------------------------------------------------------------------------------+
; Port Connectivity Checks: "LogicSevenSeg:LogicSevenSeg_item|conversorHex7Seg:HEX0Conversor_item" ;
+----------+-------+----------+--------------------------------------------------------------------+
; Port     ; Type  ; Severity ; Details                                                            ;
+----------+-------+----------+--------------------------------------------------------------------+
; apaga    ; Input ; Info     ; Stuck at GND                                                       ;
; negativo ; Input ; Info     ; Stuck at GND                                                       ;
; overflow ; Input ; Info     ; Stuck at GND                                                       ;
+----------+-------+----------+--------------------------------------------------------------------+


+--------------------------------------------------------------------------------------------+
; Port Connectivity Checks: "LogicSevenSeg:LogicSevenSeg_item|registradorGenerico:HEX0_item" ;
+------+-------+----------+------------------------------------------------------------------+
; Port ; Type  ; Severity ; Details                                                          ;
+------+-------+----------+------------------------------------------------------------------+
; rst  ; Input ; Info     ; Stuck at GND                                                     ;
+------+-------+----------+------------------------------------------------------------------+


+-----------------------------------------------------------------------------------------------------------------------+
; Port Connectivity Checks: "LogicSevenSeg:LogicSevenSeg_item|decoder3x8:DecoderEndereco_item"                          ;
+-------------+--------+----------+-------------------------------------------------------------------------------------+
; Port        ; Type   ; Severity ; Details                                                                             ;
+-------------+--------+----------+-------------------------------------------------------------------------------------+
; saida[7..6] ; Output ; Info     ; Connected to dangling logic. Logic that only feeds a dangling port will be removed. ;
+-------------+--------+----------+-------------------------------------------------------------------------------------+


+-----------------------------------------------------------------------------------------------------------------------+
; Port Connectivity Checks: "LogicSevenSeg:LogicSevenSeg_item|decoder3x8:DecoderBloco_item"                             ;
+-------------+--------+----------+-------------------------------------------------------------------------------------+
; Port        ; Type   ; Severity ; Details                                                                             ;
+-------------+--------+----------+-------------------------------------------------------------------------------------+
; saida[7..5] ; Output ; Info     ; Connected to dangling logic. Logic that only feeds a dangling port will be removed. ;
; saida[3..0] ; Output ; Info     ; Connected to dangling logic. Logic that only feeds a dangling port will be removed. ;
+-------------+--------+----------+-------------------------------------------------------------------------------------+


+----------------------------------------------------------------------------------+
; Port Connectivity Checks: "LogicLed:LogicLed_item|registradorGenerico:LEDR_item" ;
+------+-------+----------+--------------------------------------------------------+
; Port ; Type  ; Severity ; Details                                                ;
+------+-------+----------+--------------------------------------------------------+
; rst  ; Input ; Info     ; Stuck at GND                                           ;
+------+-------+----------+--------------------------------------------------------+


+------------------------------------------------------------------------+
; Port Connectivity Checks: "LogicLed:LogicLed_item|flipflop:LED_8_item" ;
+------+-------+----------+----------------------------------------------+
; Port ; Type  ; Severity ; Details                                      ;
+------+-------+----------+----------------------------------------------+
; rst  ; Input ; Info     ; Stuck at GND                                 ;
+------+-------+----------+----------------------------------------------+


+------------------------------------------------------------------------+
; Port Connectivity Checks: "LogicLed:LogicLed_item|flipflop:LED_9_item" ;
+------+-------+----------+----------------------------------------------+
; Port ; Type  ; Severity ; Details                                      ;
+------+-------+----------+----------------------------------------------+
; rst  ; Input ; Info     ; Stuck at GND                                 ;
+------+-------+----------+----------------------------------------------+


+-----------------------------------------------------------------------------------------------------------------------+
; Port Connectivity Checks: "LogicLed:LogicLed_item|decoder3x8:DecoderEndereco_item"                                    ;
+-------------+--------+----------+-------------------------------------------------------------------------------------+
; Port        ; Type   ; Severity ; Details                                                                             ;
+-------------+--------+----------+-------------------------------------------------------------------------------------+
; saida[7..3] ; Output ; Info     ; Connected to dangling logic. Logic that only feeds a dangling port will be removed. ;
+-------------+--------+----------+-------------------------------------------------------------------------------------+


+-----------------------------------------------------------------------------------------------------------------------+
; Port Connectivity Checks: "LogicLed:LogicLed_item|decoder3x8:DecoderBloco_item"                                       ;
+-------------+--------+----------+-------------------------------------------------------------------------------------+
; Port        ; Type   ; Severity ; Details                                                                             ;
+-------------+--------+----------+-------------------------------------------------------------------------------------+
; saida[7..5] ; Output ; Info     ; Connected to dangling logic. Logic that only feeds a dangling port will be removed. ;
; saida[3..0] ; Output ; Info     ; Connected to dangling logic. Logic that only feeds a dangling port will be removed. ;
+-------------+--------+----------+-------------------------------------------------------------------------------------+


+------------------------------------------------------------------------------+
; Port Connectivity Checks: "Processador:CPU|registradorGenerico:END_RET_item" ;
+------+-------+----------+----------------------------------------------------+
; Port ; Type  ; Severity ; Details                                            ;
+------+-------+----------+----------------------------------------------------+
; rst  ; Input ; Info     ; Stuck at GND                                       ;
+------+-------+----------+----------------------------------------------------+


+---------------------------------------------------------------------+
; Port Connectivity Checks: "Processador:CPU|flipflop:FLAG_zero_item" ;
+------+-------+----------+-------------------------------------------+
; Port ; Type  ; Severity ; Details                                   ;
+------+-------+----------+-------------------------------------------+
; rst  ; Input ; Info     ; Stuck at GND                              ;
+------+-------+----------+-------------------------------------------+


+-------------------------------------------------------------------------+
; Port Connectivity Checks: "Processador:CPU|registradorGenerico:PC_item" ;
+--------+-------+----------+---------------------------------------------+
; Port   ; Type  ; Severity ; Details                                     ;
+--------+-------+----------+---------------------------------------------+
; enable ; Input ; Info     ; Stuck at VCC                                ;
; rst    ; Input ; Info     ; Stuck at GND                                ;
+--------+-------+----------+---------------------------------------------+


+---------------------------------------------------------------------------+
; Port Connectivity Checks: "Processador:CPU|registradorGenerico:REGA_item" ;
+------+-------+----------+-------------------------------------------------+
; Port ; Type  ; Severity ; Details                                         ;
+------+-------+----------+-------------------------------------------------+
; rst  ; Input ; Info     ; Stuck at GND                                    ;
+------+-------+----------+-------------------------------------------------+


+--------------------------------------------------------------------+
; Port Connectivity Checks: "Processador:CPU|muxGenerico4x1:MUX_JMP" ;
+---------------+-------+----------+---------------------------------+
; Port          ; Type  ; Severity ; Details                         ;
+---------------+-------+----------+---------------------------------+
; entrada11_mux ; Input ; Info     ; Stuck at GND                    ;
+---------------+-------+----------+---------------------------------+


+-----------------------------------------------------+
; Post-Synthesis Netlist Statistics for Top Partition ;
+-----------------------+-----------------------------+
; Type                  ; Count                       ;
+-----------------------+-----------------------------+
; arriav_ff             ; 41                          ;
;     ENA               ; 24                          ;
;     ENA SLD           ; 8                           ;
;     SLD               ; 9                           ;
; arriav_lcell_comb     ; 85                          ;
;     arith             ; 18                          ;
;         1 data inputs ; 9                           ;
;         2 data inputs ; 1                           ;
;         3 data inputs ; 1                           ;
;         5 data inputs ; 7                           ;
;     normal            ; 67                          ;
;         0 data inputs ; 1                           ;
;         1 data inputs ; 2                           ;
;         4 data inputs ; 64                          ;
; boundary_port         ; 96                          ;
;                       ;                             ;
; Max LUT depth         ; 2.80                        ;
; Average LUT depth     ; 1.45                        ;
+-----------------------+-----------------------------+


+-------------------------------+
; Elapsed Time Per Partition    ;
+----------------+--------------+
; Partition Name ; Elapsed Time ;
+----------------+--------------+
; Top            ; 00:00:00     ;
+----------------+--------------+


+-------------------------------+
; Analysis & Synthesis Messages ;
+-------------------------------+
Info: *******************************************************************
Info: Running Quartus Prime Analysis & Synthesis
    Info: Version 20.1.0 Build 711 06/05/2020 SJ Lite Edition
    Info: Processing started: Mon Oct 10 16:49:11 2022
Info: Command: quartus_map --read_settings_files=on --write_settings_files=off TopLevel -c TopLevel
Warning (18236): Number of processors has not been specified which may cause overloading on shared machines.  Set the global assignment NUM_PARALLEL_PROCESSORS in your QSF to an appropriate value for best performance.
Info (20030): Parallel compilation is enabled and will use 4 of the 4 processors detected
Info (12021): Found 2 design units, including 1 entities, in source file logicled.vhd
    Info (12022): Found design unit 1: LogicLed-logic File: C:/Users/jeans/Desktop/Insper/6Semestre/DesComp/Aula8b/LogicLed.vhd Line: 18
    Info (12023): Found entity 1: LogicLed File: C:/Users/jeans/Desktop/Insper/6Semestre/DesComp/Aula8b/LogicLed.vhd Line: 4
Info (12021): Found 2 design units, including 1 entities, in source file ulasomasub.vhd
    Info (12022): Found design unit 1: ULASomaSub-comportamento File: C:/Users/jeans/Desktop/Insper/6Semestre/DesComp/Aula8b/ULASomaSub.vhd Line: 15
    Info (12023): Found entity 1: ULASomaSub File: C:/Users/jeans/Desktop/Insper/6Semestre/DesComp/Aula8b/ULASomaSub.vhd Line: 5
Info (12021): Found 2 design units, including 1 entities, in source file somaconstante.vhd
    Info (12022): Found design unit 1: somaConstante-comportamento File: C:/Users/jeans/Desktop/Insper/6Semestre/DesComp/Aula8b/somaConstante.vhd Line: 18
    Info (12023): Found entity 1: somaConstante File: C:/Users/jeans/Desktop/Insper/6Semestre/DesComp/Aula8b/somaConstante.vhd Line: 5
Info (12021): Found 2 design units, including 1 entities, in source file registradorgenerico.vhd
    Info (12022): Found design unit 1: registradorGenerico-comportamento File: C:/Users/jeans/Desktop/Insper/6Semestre/DesComp/Aula8b/registradorGenerico.vhd Line: 15
    Info (12023): Found entity 1: registradorGenerico File: C:/Users/jeans/Desktop/Insper/6Semestre/DesComp/Aula8b/registradorGenerico.vhd Line: 4
Info (12021): Found 2 design units, including 1 entities, in source file processador.vhd
    Info (12022): Found design unit 1: Processador-arquitetura File: C:/Users/jeans/Desktop/Insper/6Semestre/DesComp/Aula8b/Processador.vhd Line: 31
    Info (12023): Found entity 1: Processador File: C:/Users/jeans/Desktop/Insper/6Semestre/DesComp/Aula8b/Processador.vhd Line: 4
Info (12021): Found 2 design units, including 1 entities, in source file muxgenerico4x1.vhd
    Info (12022): Found design unit 1: muxGenerico4x1-comportamento File: C:/Users/jeans/Desktop/Insper/6Semestre/DesComp/Aula8b/muxGenerico4x1.vhd Line: 14
    Info (12023): Found entity 1: muxGenerico4x1 File: C:/Users/jeans/Desktop/Insper/6Semestre/DesComp/Aula8b/muxGenerico4x1.vhd Line: 4
Info (12021): Found 2 design units, including 1 entities, in source file muxgenerico2x1.vhd
    Info (12022): Found design unit 1: muxGenerico2x1-comportamento File: C:/Users/jeans/Desktop/Insper/6Semestre/DesComp/Aula8b/muxGenerico2x1.vhd Line: 14
    Info (12023): Found entity 1: muxGenerico2x1 File: C:/Users/jeans/Desktop/Insper/6Semestre/DesComp/Aula8b/muxGenerico2x1.vhd Line: 4
Info (12021): Found 2 design units, including 1 entities, in source file memoriarom.vhd
    Info (12022): Found design unit 1: memoriaROM-assincrona File: C:/Users/jeans/Desktop/Insper/6Semestre/DesComp/Aula8b/memoriaROM.vhd Line: 18
    Info (12023): Found entity 1: memoriaROM File: C:/Users/jeans/Desktop/Insper/6Semestre/DesComp/Aula8b/memoriaROM.vhd Line: 5
Info (12021): Found 2 design units, including 1 entities, in source file memoriaram.vhd
    Info (12022): Found design unit 1: memoriaRAM-rtl File: C:/Users/jeans/Desktop/Insper/6Semestre/DesComp/Aula8b/memoriaRAM.vhd Line: 21
    Info (12023): Found entity 1: memoriaRAM File: C:/Users/jeans/Desktop/Insper/6Semestre/DesComp/Aula8b/memoriaRAM.vhd Line: 5
Info (12021): Found 2 design units, including 1 entities, in source file logicadesvio.vhd
    Info (12022): Found design unit 1: logicaDesvio-comportamento File: C:/Users/jeans/Desktop/Insper/6Semestre/DesComp/Aula8b/logicaDesvio.vhd Line: 13
    Info (12023): Found entity 1: logicaDesvio File: C:/Users/jeans/Desktop/Insper/6Semestre/DesComp/Aula8b/logicaDesvio.vhd Line: 4
Info (12021): Found 2 design units, including 1 entities, in source file flipflop.vhd
    Info (12022): Found design unit 1: flipflop-comportamento File: C:/Users/jeans/Desktop/Insper/6Semestre/DesComp/Aula8b/flipflop.vhd Line: 13
    Info (12023): Found entity 1: flipflop File: C:/Users/jeans/Desktop/Insper/6Semestre/DesComp/Aula8b/flipflop.vhd Line: 4
Info (12021): Found 3 design units, including 1 entities, in source file edgedetector.vhd
    Info (12022): Found design unit 1: edgeDetector-bordaSubida File: C:/Users/jeans/Desktop/Insper/6Semestre/DesComp/Aula8b/edgeDetector.vhd Line: 10
    Info (12022): Found design unit 2: edgeDetector-bordaDescida File: C:/Users/jeans/Desktop/Insper/6Semestre/DesComp/Aula8b/edgeDetector.vhd Line: 23
    Info (12023): Found entity 1: edgeDetector File: C:/Users/jeans/Desktop/Insper/6Semestre/DesComp/Aula8b/edgeDetector.vhd Line: 4
Info (12021): Found 2 design units, including 1 entities, in source file decoderinstru.vhd
    Info (12022): Found design unit 1: decoderInstru-comportamento File: C:/Users/jeans/Desktop/Insper/6Semestre/DesComp/Aula8b/decoderInstru.vhd Line: 10
    Info (12023): Found entity 1: decoderInstru File: C:/Users/jeans/Desktop/Insper/6Semestre/DesComp/Aula8b/decoderInstru.vhd Line: 4
Info (12021): Found 2 design units, including 1 entities, in source file toplevel.vhd
    Info (12022): Found design unit 1: TopLevel-comportamento File: C:/Users/jeans/Desktop/Insper/6Semestre/DesComp/Aula8b/TopLevel.vhd Line: 31
    Info (12023): Found entity 1: TopLevel File: C:/Users/jeans/Desktop/Insper/6Semestre/DesComp/Aula8b/TopLevel.vhd Line: 4
Info (12021): Found 2 design units, including 1 entities, in source file decoder3x8.vhd
    Info (12022): Found design unit 1: decoder3x8-decoder File: C:/Users/jeans/Desktop/Insper/6Semestre/DesComp/Aula8b/decoder3x8.vhd Line: 10
    Info (12023): Found entity 1: decoder3x8 File: C:/Users/jeans/Desktop/Insper/6Semestre/DesComp/Aula8b/decoder3x8.vhd Line: 4
Info (12021): Found 2 design units, including 1 entities, in source file logicsevenseg.vhd
    Info (12022): Found design unit 1: LogicSevenSeg-logic File: C:/Users/jeans/Desktop/Insper/6Semestre/DesComp/Aula8b/LogicSevenSeg.vhd Line: 23
    Info (12023): Found entity 1: LogicSevenSeg File: C:/Users/jeans/Desktop/Insper/6Semestre/DesComp/Aula8b/LogicSevenSeg.vhd Line: 4
Info (12021): Found 2 design units, including 1 entities, in source file conversorhex7seg.vhd
    Info (12022): Found design unit 1: conversorHex7Seg-comportamento File: C:/Users/jeans/Desktop/Insper/6Semestre/DesComp/Aula8b/conversorHex7Seg.vhd Line: 17
    Info (12023): Found entity 1: conversorHex7Seg File: C:/Users/jeans/Desktop/Insper/6Semestre/DesComp/Aula8b/conversorHex7Seg.vhd Line: 4
Info (12127): Elaborating entity "TopLevel" for the top level hierarchy
Warning (10541): VHDL Signal Declaration warning at TopLevel.vhd(34): used implicit default value for signal "decoderBloco" because signal was never assigned a value or an explicit default value. Use of implicit default value may introduce unintended design optimizations. File: C:/Users/jeans/Desktop/Insper/6Semestre/DesComp/Aula8b/TopLevel.vhd Line: 34
Info (12128): Elaborating entity "Processador" for hierarchy "Processador:CPU" File: C:/Users/jeans/Desktop/Insper/6Semestre/DesComp/Aula8b/TopLevel.vhd Line: 62
Info (12128): Elaborating entity "muxGenerico2x1" for hierarchy "Processador:CPU|muxGenerico2x1:MUX_item" File: C:/Users/jeans/Desktop/Insper/6Semestre/DesComp/Aula8b/Processador.vhd Line: 83
Info (12128): Elaborating entity "logicaDesvio" for hierarchy "Processador:CPU|logicaDesvio:LogicaDesvio_item" File: C:/Users/jeans/Desktop/Insper/6Semestre/DesComp/Aula8b/Processador.vhd Line: 90
Info (12128): Elaborating entity "muxGenerico4x1" for hierarchy "Processador:CPU|muxGenerico4x1:MUX_JMP" File: C:/Users/jeans/Desktop/Insper/6Semestre/DesComp/Aula8b/Processador.vhd Line: 98
Info (12128): Elaborating entity "decoderInstru" for hierarchy "Processador:CPU|decoderInstru:DECODER_item" File: C:/Users/jeans/Desktop/Insper/6Semestre/DesComp/Aula8b/Processador.vhd Line: 106
Info (12128): Elaborating entity "registradorGenerico" for hierarchy "Processador:CPU|registradorGenerico:REGA_item" File: C:/Users/jeans/Desktop/Insper/6Semestre/DesComp/Aula8b/Processador.vhd Line: 111
Info (12128): Elaborating entity "registradorGenerico" for hierarchy "Processador:CPU|registradorGenerico:PC_item" File: C:/Users/jeans/Desktop/Insper/6Semestre/DesComp/Aula8b/Processador.vhd Line: 119
Info (12128): Elaborating entity "somaConstante" for hierarchy "Processador:CPU|somaConstante:incrementaPC_item" File: C:/Users/jeans/Desktop/Insper/6Semestre/DesComp/Aula8b/Processador.vhd Line: 126
Info (12128): Elaborating entity "ULASomaSub" for hierarchy "Processador:CPU|ULASomaSub:ULA_item" File: C:/Users/jeans/Desktop/Insper/6Semestre/DesComp/Aula8b/Processador.vhd Line: 134
Info (12128): Elaborating entity "flipflop" for hierarchy "Processador:CPU|flipflop:FLAG_zero_item" File: C:/Users/jeans/Desktop/Insper/6Semestre/DesComp/Aula8b/Processador.vhd Line: 142
Info (12128): Elaborating entity "memoriaROM" for hierarchy "memoriaROM:ROM" File: C:/Users/jeans/Desktop/Insper/6Semestre/DesComp/Aula8b/TopLevel.vhd Line: 76
Info (12128): Elaborating entity "memoriaRAM" for hierarchy "memoriaRAM:RAM" File: C:/Users/jeans/Desktop/Insper/6Semestre/DesComp/Aula8b/TopLevel.vhd Line: 84
Info (12128): Elaborating entity "LogicLed" for hierarchy "LogicLed:LogicLed_item" File: C:/Users/jeans/Desktop/Insper/6Semestre/DesComp/Aula8b/TopLevel.vhd Line: 100
Info (12128): Elaborating entity "decoder3x8" for hierarchy "LogicLed:LogicLed_item|decoder3x8:DecoderBloco_item" File: C:/Users/jeans/Desktop/Insper/6Semestre/DesComp/Aula8b/LogicLed.vhd Line: 28
Info (12128): Elaborating entity "LogicSevenSeg" for hierarchy "LogicSevenSeg:LogicSevenSeg_item" File: C:/Users/jeans/Desktop/Insper/6Semestre/DesComp/Aula8b/TopLevel.vhd Line: 113
Info (12128): Elaborating entity "registradorGenerico" for hierarchy "LogicSevenSeg:LogicSevenSeg_item|registradorGenerico:HEX0_item" File: C:/Users/jeans/Desktop/Insper/6Semestre/DesComp/Aula8b/LogicSevenSeg.vhd Line: 54
Info (12128): Elaborating entity "conversorHex7Seg" for hierarchy "LogicSevenSeg:LogicSevenSeg_item|conversorHex7Seg:HEX0Conversor_item" File: C:/Users/jeans/Desktop/Insper/6Semestre/DesComp/Aula8b/LogicSevenSeg.vhd Line: 66
Info (276014): Found 2 instances of uninferred RAM logic
    Info (276007): RAM logic "memoriaRAM:RAM|ram" is uninferred due to asynchronous read logic File: C:/Users/jeans/Desktop/Insper/6Semestre/DesComp/Aula8b/memoriaRAM.vhd Line: 27
    Info (276004): RAM logic "memoriaROM:ROM|memROM" is uninferred due to inappropriate RAM size File: C:/Users/jeans/Desktop/Insper/6Semestre/DesComp/Aula8b/memoriaROM.vhd Line: 59
Warning (13046): Tri-state node(s) do not directly drive top-level pin(s)
    Warning (13049): Converted tri-state buffer "memoriaRAM:RAM|dado_out[0]" feeding internal logic into a wire File: C:/Users/jeans/Desktop/Insper/6Semestre/DesComp/Aula8b/memoriaRAM.vhd Line: 17
    Warning (13049): Converted tri-state buffer "memoriaRAM:RAM|dado_out[1]" feeding internal logic into a wire File: C:/Users/jeans/Desktop/Insper/6Semestre/DesComp/Aula8b/memoriaRAM.vhd Line: 17
    Warning (13049): Converted tri-state buffer "memoriaRAM:RAM|dado_out[2]" feeding internal logic into a wire File: C:/Users/jeans/Desktop/Insper/6Semestre/DesComp/Aula8b/memoriaRAM.vhd Line: 17
    Warning (13049): Converted tri-state buffer "memoriaRAM:RAM|dado_out[3]" feeding internal logic into a wire File: C:/Users/jeans/Desktop/Insper/6Semestre/DesComp/Aula8b/memoriaRAM.vhd Line: 17
    Warning (13049): Converted tri-state buffer "memoriaRAM:RAM|dado_out[4]" feeding internal logic into a wire File: C:/Users/jeans/Desktop/Insper/6Semestre/DesComp/Aula8b/memoriaRAM.vhd Line: 17
    Warning (13049): Converted tri-state buffer "memoriaRAM:RAM|dado_out[5]" feeding internal logic into a wire File: C:/Users/jeans/Desktop/Insper/6Semestre/DesComp/Aula8b/memoriaRAM.vhd Line: 17
    Warning (13049): Converted tri-state buffer "memoriaRAM:RAM|dado_out[6]" feeding internal logic into a wire File: C:/Users/jeans/Desktop/Insper/6Semestre/DesComp/Aula8b/memoriaRAM.vhd Line: 17
    Warning (13049): Converted tri-state buffer "memoriaRAM:RAM|dado_out[7]" feeding internal logic into a wire File: C:/Users/jeans/Desktop/Insper/6Semestre/DesComp/Aula8b/memoriaRAM.vhd Line: 17
Warning (13024): Output pins are stuck at VCC or GND
    Warning (13410): Pin "control[3]" is stuck at GND File: C:/Users/jeans/Desktop/Insper/6Semestre/DesComp/Aula8b/TopLevel.vhd Line: 14
    Warning (13410): Pin "control[4]" is stuck at GND File: C:/Users/jeans/Desktop/Insper/6Semestre/DesComp/Aula8b/TopLevel.vhd Line: 14
    Warning (13410): Pin "control[6]" is stuck at GND File: C:/Users/jeans/Desktop/Insper/6Semestre/DesComp/Aula8b/TopLevel.vhd Line: 14
    Warning (13410): Pin "control[7]" is stuck at GND File: C:/Users/jeans/Desktop/Insper/6Semestre/DesComp/Aula8b/TopLevel.vhd Line: 14
    Warning (13410): Pin "control[12]" is stuck at GND File: C:/Users/jeans/Desktop/Insper/6Semestre/DesComp/Aula8b/TopLevel.vhd Line: 14
    Warning (13410): Pin "Leds[0]" is stuck at GND File: C:/Users/jeans/Desktop/Insper/6Semestre/DesComp/Aula8b/TopLevel.vhd Line: 15
    Warning (13410): Pin "Leds[1]" is stuck at GND File: C:/Users/jeans/Desktop/Insper/6Semestre/DesComp/Aula8b/TopLevel.vhd Line: 15
    Warning (13410): Pin "Leds[2]" is stuck at GND File: C:/Users/jeans/Desktop/Insper/6Semestre/DesComp/Aula8b/TopLevel.vhd Line: 15
    Warning (13410): Pin "Leds[3]" is stuck at GND File: C:/Users/jeans/Desktop/Insper/6Semestre/DesComp/Aula8b/TopLevel.vhd Line: 15
    Warning (13410): Pin "Leds[4]" is stuck at GND File: C:/Users/jeans/Desktop/Insper/6Semestre/DesComp/Aula8b/TopLevel.vhd Line: 15
    Warning (13410): Pin "Leds[5]" is stuck at GND File: C:/Users/jeans/Desktop/Insper/6Semestre/DesComp/Aula8b/TopLevel.vhd Line: 15
    Warning (13410): Pin "Leds[6]" is stuck at GND File: C:/Users/jeans/Desktop/Insper/6Semestre/DesComp/Aula8b/TopLevel.vhd Line: 15
    Warning (13410): Pin "Leds[7]" is stuck at GND File: C:/Users/jeans/Desktop/Insper/6Semestre/DesComp/Aula8b/TopLevel.vhd Line: 15
    Warning (13410): Pin "Leds[8]" is stuck at GND File: C:/Users/jeans/Desktop/Insper/6Semestre/DesComp/Aula8b/TopLevel.vhd Line: 15
    Warning (13410): Pin "Leds[9]" is stuck at GND File: C:/Users/jeans/Desktop/Insper/6Semestre/DesComp/Aula8b/TopLevel.vhd Line: 15
    Warning (13410): Pin "RAM_simu[3]" is stuck at GND File: C:/Users/jeans/Desktop/Insper/6Semestre/DesComp/Aula8b/TopLevel.vhd Line: 26
    Warning (13410): Pin "RAM_simu[4]" is stuck at GND File: C:/Users/jeans/Desktop/Insper/6Semestre/DesComp/Aula8b/TopLevel.vhd Line: 26
    Warning (13410): Pin "RAM_simu[6]" is stuck at GND File: C:/Users/jeans/Desktop/Insper/6Semestre/DesComp/Aula8b/TopLevel.vhd Line: 26
    Warning (13410): Pin "RAM_simu[7]" is stuck at GND File: C:/Users/jeans/Desktop/Insper/6Semestre/DesComp/Aula8b/TopLevel.vhd Line: 26
Info (286030): Timing-Driven Synthesis is running
Info (16010): Generating hard_block partition "hard_block:auto_generated_inst"
    Info (16011): Adding 0 node(s), including 0 DDIO, 0 PLL, 0 transceiver and 0 LCELL
Warning (21074): Design contains 4 input pin(s) that do not drive logic
    Warning (15610): No output dependent on input pin "CLOCK_50" File: C:/Users/jeans/Desktop/Insper/6Semestre/DesComp/Aula8b/TopLevel.vhd Line: 11
    Warning (15610): No output dependent on input pin "KEY[1]" File: C:/Users/jeans/Desktop/Insper/6Semestre/DesComp/Aula8b/TopLevel.vhd Line: 12
    Warning (15610): No output dependent on input pin "KEY[2]" File: C:/Users/jeans/Desktop/Insper/6Semestre/DesComp/Aula8b/TopLevel.vhd Line: 12
    Warning (15610): No output dependent on input pin "KEY[3]" File: C:/Users/jeans/Desktop/Insper/6Semestre/DesComp/Aula8b/TopLevel.vhd Line: 12
Info (21057): Implemented 204 device resources after synthesis - the final resource count might be different
    Info (21058): Implemented 5 input pins
    Info (21059): Implemented 91 output pins
    Info (21061): Implemented 108 logic cells
Info: Quartus Prime Analysis & Synthesis was successful. 0 errors, 36 warnings
    Info: Peak virtual memory: 4851 megabytes
    Info: Processing ended: Mon Oct 10 16:49:29 2022
    Info: Elapsed time: 00:00:18
    Info: Total CPU time (on all processors): 00:00:42


